{"logTime": "1113/094135", "correlationVector":"NfIlHmoVKiBvBuRW6a2U2C.59","action":"GetUpdates", "result":"DeleteReceived", "context":{"id":"90fa7c9b-a89f-4f09-9fbc-a802411bdeb9", "isDeleted:":"true", "version":"1729145679901"}}
{"logTime": "1113/094135", "correlationVector":"NfIlHmoVKiBvBuRW6a2U2C.60","action":"GetUpdates", "result":"DeleteReceived", "context":{"id":"c19fefc2-2155-4c8d-bca6-a6bda409dbac", "isDeleted:":"true", "version":"1729145680601"}}
{"logTime": "1113/094135", "correlationVector":"NfIlHmoVKiBvBuRW6a2U2C.61","action":"GetUpdates", "result":"DeleteReceived", "context":{"id":"9d9cced9-27fe-4b71-9bfd-0b83fc5212c5", "isDeleted:":"true", "version":"1729147261677"}}
{"logTime": "1113/094135", "correlationVector":"NfIlHmoVKiBvBuRW6a2U2C.62","action":"GetUpdates", "result":"DeleteReceived", "context":{"id":"5dff9cff-7fc0-43ef-a474-385b54b989ed", "isDeleted:":"true", "version":"1729147261679"}}
{"logTime": "1113/094135", "correlationVector":"NfIlHmoVKiBvBuRW6a2U2C.63","action":"GetUpdates", "result":"DeleteReceived", "context":{"id":"f07ff975-5c66-42a4-8db6-9ef3aceb5e3e", "isDeleted:":"true", "version":"1729165429329"}}
{"logTime": "1113/094135", "correlationVector":"NfIlHmoVKiBvBuRW6a2U2C.64","action":"GetUpdates", "result":"DeleteReceived", "context":{"id":"4a3ff806-d5ff-4c46-ba8c-5304724ff561", "isDeleted:":"true", "version":"1729165429330"}}
{"logTime": "1113/094135", "correlationVector":"NfIlHmoVKiBvBuRW6a2U2C.65","action":"GetUpdates", "result":"DeleteReceived", "context":{"id":"ce47e388-699b-4f46-8188-6c51257c651b", "isDeleted:":"true", "version":"1729165429331"}}
{"logTime": "1113/094135", "correlationVector":"NfIlHmoVKiBvBuRW6a2U2C.66","action":"GetUpdates", "result":"DeleteReceived", "context":{"id":"0b914756-02df-43da-b02b-c88903eb60d1", "isDeleted:":"true", "version":"1729248381869"}}
{"logTime": "1113/094135", "correlationVector":"NfIlHmoVKiBvBuRW6a2U2C.67","action":"GetUpdates", "result":"DeleteReceived", "context":{"id":"f6b2faa8-9098-4da0-948c-da7b4284e1e1", "isDeleted:":"true", "version":"1729258301129"}}
{"logTime": "1113/094135", "correlationVector":"NfIlHmoVKiBvBuRW6a2U2C.68","action":"GetUpdates", "result":"DeleteReceived", "context":{"id":"4972d7d7-992d-4fb4-9d71-4302413824b0", "isDeleted:":"true", "version":"1729262002984"}}
{"logTime": "1113/094135", "correlationVector":"NfIlHmoVKiBvBuRW6a2U2C.69","action":"GetUpdates", "result":"DeleteReceived", "context":{"id":"2e8bb497-0302-4509-8118-13d0bde16d01", "isDeleted:":"true", "version":"1729262611729"}}
{"logTime": "1113/094135", "correlationVector":"NfIlHmoVKiBvBuRW6a2U2C.70","action":"GetUpdates", "result":"DeleteReceived", "context":{"id":"5727d5bc-7dc2-4478-8bbb-b64183febb49", "isDeleted:":"true", "version":"1729262611730"}}
{"logTime": "1113/094135", "correlationVector":"NfIlHmoVKiBvBuRW6a2U2C.71","action":"GetUpdates", "result":"DeleteReceived", "context":{"id":"d2e83cc6-57f2-46cd-81bf-3a1495c9b2cc", "isDeleted:":"true", "version":"1729262611731"}}
{"logTime": "1113/094135", "correlationVector":"NfIlHmoVKiBvBuRW6a2U2C.72","action":"GetUpdates", "result":"DeleteReceived", "context":{"id":"961860b5-bcae-4406-bc91-ca88dfcb0e1d", "isDeleted:":"true", "version":"1729266214040"}}
{"logTime": "1113/094135", "correlationVector":"NfIlHmoVKiBvBuRW6a2U2C.73","action":"GetUpdates", "result":"DeleteReceived", "context":{"id":"ff99fd5e-9458-4616-ab31-7767893c84f4", "isDeleted:":"true", "version":"1729315208310"}}
{"logTime": "1113/094135", "correlationVector":"NfIlHmoVKiBvBuRW6a2U2C.74","action":"GetUpdates", "result":"DeleteReceived", "context":{"id":"c6ffc57e-a1dc-4676-9d6e-7baa492d7d02", "isDeleted:":"true", "version":"1729316811472"}}
{"logTime": "1113/094135", "correlationVector":"NfIlHmoVKiBvBuRW6a2U2C.75","action":"GetUpdates", "result":"DeleteReceived", "context":{"id":"d0d89338-f69d-4b4d-b22c-7869d5462f28", "isDeleted:":"true", "version":"1729328937954"}}
{"logTime": "1113/094135", "correlationVector":"NfIlHmoVKiBvBuRW6a2U2C.76","action":"GetUpdates", "result":"DeleteReceived", "context":{"id":"0ae09224-7e65-4665-8dea-97f1971b1e47", "isDeleted:":"true", "version":"1729401529181"}}
{"logTime": "1113/094135", "correlationVector":"NfIlHmoVKiBvBuRW6a2U2C.77","action":"GetUpdates", "result":"DeleteReceived", "context":{"id":"41e4c68e-44ec-47af-b3cd-8a271c3542cc", "isDeleted:":"true", "version":"1729418205960"}}
{"logTime": "1113/094135", "correlationVector":"NfIlHmoVKiBvBuRW6a2U2C.78","action":"GetUpdates", "result":"DeleteReceived", "context":{"id":"82a33adc-a490-4dd7-874c-a4eef116cd53", "isDeleted:":"true", "version":"1729424257404"}}
{"logTime": "1113/094135", "correlationVector":"NfIlHmoVKiBvBuRW6a2U2C.79","action":"GetUpdates", "result":"DeleteReceived", "context":{"id":"351e8f63-a08d-49b5-82bb-3127abba6709", "isDeleted:":"true", "version":"1729424743913"}}
{"logTime": "1113/094135", "correlationVector":"NfIlHmoVKiBvBuRW6a2U2C.80","action":"GetUpdates", "result":"DeleteReceived", "context":{"id":"83025295-f1a3-4cbb-8725-cef2655431c6", "isDeleted:":"true", "version":"1729426156774"}}
{"logTime": "1113/094135", "correlationVector":"NfIlHmoVKiBvBuRW6a2U2C.81","action":"GetUpdates", "result":"DeleteReceived", "context":{"id":"234571df-e9e8-473a-bf0a-b5fd34fdcd0c", "isDeleted:":"true", "version":"1729427362968"}}
{"logTime": "1113/094135", "correlationVector":"NfIlHmoVKiBvBuRW6a2U2C.82","action":"GetUpdates", "result":"DeleteReceived", "context":{"id":"62ce6505-e405-4e15-80ea-2e1854796eb7", "isDeleted:":"true", "version":"1729428615951"}}
{"logTime": "1113/094135", "correlationVector":"NfIlHmoVKiBvBuRW6a2U2C.83","action":"GetUpdates", "result":"DeleteReceived", "context":{"id":"e488acc8-a743-4f95-bd63-018b4559d541", "isDeleted:":"true", "version":"1729436347596"}}
{"logTime": "1113/094135", "correlationVector":"NfIlHmoVKiBvBuRW6a2U2C.84","action":"GetUpdates", "result":"DeleteReceived", "context":{"id":"668c0948-2e9e-47d5-bb16-0f8d71741a80", "isDeleted:":"true", "version":"1729580518189"}}
{"logTime": "1113/094135", "correlationVector":"NfIlHmoVKiBvBuRW6a2U2C.85","action":"GetUpdates", "result":"DeleteReceived", "context":{"id":"d6d55bc1-d877-406e-b4d4-057d7a3978fd", "isDeleted:":"true", "version":"1729582936118"}}
{"logTime": "1113/094135", "correlationVector":"NfIlHmoVKiBvBuRW6a2U2C.86","action":"GetUpdates", "result":"DeleteReceived", "context":{"id":"dcf2c702-6d53-4700-8fe1-d84684653795", "isDeleted:":"true", "version":"1729582936120"}}
{"logTime": "1113/094135", "correlationVector":"NfIlHmoVKiBvBuRW6a2U2C.87","action":"GetUpdates", "result":"DeleteReceived", "context":{"id":"e44ca705-b27a-4206-84da-f5c47a805e17", "isDeleted:":"true", "version":"1729597052231"}}
{"logTime": "1113/094135", "correlationVector":"NfIlHmoVKiBvBuRW6a2U2C.88","action":"GetUpdates", "result":"DeleteReceived", "context":{"id":"0f936cfc-4686-4c42-a4a9-da399903d952", "isDeleted:":"true", "version":"1729600862042"}}
{"logTime": "1113/094135", "correlationVector":"NfIlHmoVKiBvBuRW6a2U2C.89","action":"GetUpdates", "result":"DeleteReceived", "context":{"id":"e2ae9703-c237-40d5-a045-2d35021fc54a", "isDeleted:":"true", "version":"1729602483524"}}
{"logTime": "1113/094135", "correlationVector":"NfIlHmoVKiBvBuRW6a2U2C.90","action":"GetUpdates", "result":"DeleteReceived", "context":{"id":"55679111-f07f-4e94-a222-de2d54079983", "isDeleted:":"true", "version":"1729605099385"}}
{"logTime": "1113/094135", "correlationVector":"NfIlHmoVKiBvBuRW6a2U2C.91","action":"GetUpdates", "result":"DeleteReceived", "context":{"id":"6fba752c-d233-4e5c-a5c8-089909ec4c4a", "isDeleted:":"true", "version":"1729606274398"}}
{"logTime": "1113/094135", "correlationVector":"NfIlHmoVKiBvBuRW6a2U2C.92","action":"GetUpdates", "result":"DeleteReceived", "context":{"id":"c978c9b2-b349-414d-8ccc-81936453b721", "isDeleted:":"true", "version":"1729606274399"}}
{"logTime": "1113/094135", "correlationVector":"NfIlHmoVKiBvBuRW6a2U2C.93","action":"GetUpdates", "result":"DeleteReceived", "context":{"id":"068a46e8-d99b-4bfc-8e3d-0708e449b26f", "isDeleted:":"true", "version":"1729610581334"}}
{"logTime": "1113/094135", "correlationVector":"NfIlHmoVKiBvBuRW6a2U2C.94","action":"GetUpdates", "result":"DeleteReceived", "context":{"id":"1656fdf7-c0d6-4d5f-9fca-b44c48d3d168", "isDeleted:":"true", "version":"1729659338966"}}
{"logTime": "1113/094135", "correlationVector":"NfIlHmoVKiBvBuRW6a2U2C.95","action":"GetUpdates", "result":"DeleteReceived", "context":{"id":"897604fb-7e51-4875-a7d2-3ac17204b7f3", "isDeleted:":"true", "version":"1729659338967"}}
{"logTime": "1113/094135", "correlationVector":"NfIlHmoVKiBvBuRW6a2U2C.96","action":"GetUpdates", "result":"DeleteReceived", "context":{"id":"634b94bb-0958-425c-9851-5786e9f53019", "isDeleted:":"true", "version":"1729666089659"}}
{"logTime": "1113/094135", "correlationVector":"NfIlHmoVKiBvBuRW6a2U2C.97","action":"GetUpdates", "result":"DeleteReceived", "context":{"id":"77a5c24d-b299-4217-82b5-f7f47f30eb20", "isDeleted:":"true", "version":"1729666323265"}}
{"logTime": "1113/094135", "correlationVector":"NfIlHmoVKiBvBuRW6a2U2C.98","action":"GetUpdates", "result":"DeleteReceived", "context":{"id":"a51a01b2-db1e-4fe3-a07b-3ac13042cd5f", "isDeleted:":"true", "version":"1729666323266"}}
{"logTime": "1113/094135", "correlationVector":"NfIlHmoVKiBvBuRW6a2U2C.99","action":"GetUpdates", "result":"DeleteReceived", "context":{"id":"df5fc012-79a2-43ef-b728-0f8aa2e2ca97", "isDeleted:":"true", "version":"1729666323267"}}
{"logTime": "1113/094135", "correlationVector":"NfIlHmoVKiBvBuRW6a2U2C.100","action":"GetUpdates", "result":"DeleteReceived", "context":{"id":"88dd6e34-3265-43aa-9e35-a025cd2a5548", "isDeleted:":"true", "version":"1729666323268"}}
{"logTime": "1113/094135", "correlationVector":"NfIlHmoVKiBvBuRW6a2U2C.101","action":"GetUpdates", "result":"DeleteReceived", "context":{"id":"82af360e-641b-4d0f-a245-e51cce010a60", "isDeleted:":"true", "version":"1729666323269"}}
{"logTime": "1113/094135", "correlationVector":"NfIlHmoVKiBvBuRW6a2U2C.102","action":"GetUpdates", "result":"DeleteReceived", "context":{"id":"fd71f321-bb56-417a-a1ab-fa8ab4d23d26", "isDeleted:":"true", "version":"1729666323270"}}
{"logTime": "1113/094135", "correlationVector":"NfIlHmoVKiBvBuRW6a2U2C.103","action":"GetUpdates", "result":"DeleteReceived", "context":{"id":"9c590322-8272-4680-b4d0-f45aa472ea14", "isDeleted:":"true", "version":"1729666323271"}}
{"logTime": "1113/094135", "correlationVector":"NfIlHmoVKiBvBuRW6a2U2C.104","action":"GetUpdates", "result":"DeleteReceived", "context":{"id":"1c325b70-8906-4587-bceb-1a0c025d7a80", "isDeleted:":"true", "version":"1729666323273"}}
{"logTime": "1113/094135", "correlationVector":"NfIlHmoVKiBvBuRW6a2U2C.105","action":"GetUpdates", "result":"DeleteReceived", "context":{"id":"313888ee-bfd4-49e3-8a70-556472e94990", "isDeleted:":"true", "version":"1729666674695"}}
{"logTime": "1113/094135", "correlationVector":"NfIlHmoVKiBvBuRW6a2U2C.106","action":"GetUpdates", "result":"DeleteReceived", "context":{"id":"9c67feda-0066-4c02-aa1e-105141264a1e", "isDeleted:":"true", "version":"1729749448625"}}
{"logTime": "1113/094135", "correlationVector":"NfIlHmoVKiBvBuRW6a2U2C.107","action":"GetUpdates", "result":"DeleteReceived", "context":{"id":"41d3f356-af6a-4eeb-9ff4-2eaea1b6b8d5", "isDeleted:":"true", "version":"1729749448627"}}
{"logTime": "1113/094135", "correlationVector":"NfIlHmoVKiBvBuRW6a2U2C.108","action":"GetUpdates", "result":"DeleteReceived", "context":{"id":"1742d5b9-b318-45fa-ad07-4e17bfb41419", "isDeleted:":"true", "version":"1729754054806"}}
{"logTime": "1113/094135", "correlationVector":"NfIlHmoVKiBvBuRW6a2U2C.109","action":"GetUpdates", "result":"DeleteReceived", "context":{"id":"a925aac5-4e85-46a5-a42f-7bd8b02df062", "isDeleted:":"true", "version":"1729759203553"}}
{"logTime": "1113/094135", "correlationVector":"NfIlHmoVKiBvBuRW6a2U2C.110","action":"GetUpdates", "result":"DeleteReceived", "context":{"id":"3d477558-d136-4708-af23-2a48a05ae6d3", "isDeleted:":"true", "version":"1729762999875"}}
{"logTime": "1113/094135", "correlationVector":"NfIlHmoVKiBvBuRW6a2U2C.111","action":"GetUpdates", "result":"DeleteReceived", "context":{"id":"ab4ec491-3133-423a-be5a-370ef7e5b576", "isDeleted:":"true", "version":"1729770086607"}}
{"logTime": "1113/094135", "correlationVector":"NfIlHmoVKiBvBuRW6a2U2C.112","action":"GetUpdates", "result":"DeleteReceived", "context":{"id":"1ca20263-f537-4fea-a248-490c7ba85f91", "isDeleted:":"true", "version":"1729771256679"}}
{"logTime": "1113/094135", "correlationVector":"NfIlHmoVKiBvBuRW6a2U2C.113","action":"GetUpdates", "result":"DeleteReceived", "context":{"id":"510e3f0d-7918-4a17-affc-c39d74ffd93b", "isDeleted:":"true", "version":"1729774378835"}}
{"logTime": "1113/094135", "correlationVector":"NfIlHmoVKiBvBuRW6a2U2C.114","action":"GetUpdates", "result":"DeleteReceived", "context":{"id":"e6901cb5-1c22-403a-91d8-357faaa322c6", "isDeleted:":"true", "version":"1729777382027"}}
{"logTime": "1113/094135", "correlationVector":"NfIlHmoVKiBvBuRW6a2U2C.115","action":"GetUpdates", "result":"DeleteReceived", "context":{"id":"d7b3df2b-c53f-49f2-86d2-0f79984ef0d5", "isDeleted:":"true", "version":"1729830347728"}}
{"logTime": "1113/094135", "correlationVector":"NfIlHmoVKiBvBuRW6a2U2C.116","action":"GetUpdates", "result":"DeleteReceived", "context":{"id":"79b8ca95-0304-4271-9db3-ab6545d5ca98", "isDeleted:":"true", "version":"1729830347731"}}
{"logTime": "1113/094135", "correlationVector":"NfIlHmoVKiBvBuRW6a2U2C.117","action":"GetUpdates", "result":"DeleteReceived", "context":{"id":"7e7ad1b4-595c-4302-9457-4662f96a5ae8", "isDeleted:":"true", "version":"1729833820419"}}
{"logTime": "1113/094135", "correlationVector":"NfIlHmoVKiBvBuRW6a2U2C.118","action":"GetUpdates", "result":"DeleteReceived", "context":{"id":"ae00b81a-8e9e-4b42-bcfd-57d9e8ead9c1", "isDeleted:":"true", "version":"1729836501775"}}
{"logTime": "1113/094135", "correlationVector":"NfIlHmoVKiBvBuRW6a2U2C.119","action":"GetUpdates", "result":"DeleteReceived", "context":{"id":"e0589152-2777-4cb8-9e63-b5d267653217", "isDeleted:":"true", "version":"1729839428602"}}
{"logTime": "1113/094135", "correlationVector":"NfIlHmoVKiBvBuRW6a2U2C.120","action":"GetUpdates", "result":"DeleteReceived", "context":{"id":"10524034-2ed1-4dc7-a5a1-f37f22c6c34a", "isDeleted:":"true", "version":"1729839428603"}}
{"logTime": "1113/094135", "correlationVector":"NfIlHmoVKiBvBuRW6a2U2C.121","action":"GetUpdates", "result":"DeleteReceived", "context":{"id":"af867f61-6b8d-45f6-aadd-9da876526228", "isDeleted:":"true", "version":"1730098087216"}}
{"logTime": "1113/094135", "correlationVector":"NfIlHmoVKiBvBuRW6a2U2C.122","action":"GetUpdates", "result":"DeleteReceived", "context":{"id":"e4103af7-f633-49b2-a8c1-3f4f357aff70", "isDeleted:":"true", "version":"1730098141503"}}
{"logTime": "1113/094135", "correlationVector":"NfIlHmoVKiBvBuRW6a2U2C.123","action":"GetUpdates", "result":"DeleteReceived", "context":{"id":"c700a3fe-da77-4c4c-87e4-9d0147765f18", "isDeleted:":"true", "version":"1730182224594"}}
{"logTime": "1113/094135", "correlationVector":"NfIlHmoVKiBvBuRW6a2U2C.124","action":"GetUpdates", "result":"DeleteReceived", "context":{"id":"49b32b47-2153-4cdf-9e45-8bd40147f277", "isDeleted:":"true", "version":"1730182224595"}}
{"logTime": "1113/094135", "correlationVector":"NfIlHmoVKiBvBuRW6a2U2C.125","action":"GetUpdates", "result":"DeleteReceived", "context":{"id":"65ea5e72-07ac-4163-9962-c3602f9d1c78", "isDeleted:":"true", "version":"1730184617385"}}
{"logTime": "1113/094135", "correlationVector":"NfIlHmoVKiBvBuRW6a2U2C.126","action":"GetUpdates", "result":"DeleteReceived", "context":{"id":"95322d8a-11a5-49bd-9e52-2e59a85fd942", "isDeleted:":"true", "version":"1730184617386"}}
{"logTime": "1113/094135", "correlationVector":"NfIlHmoVKiBvBuRW6a2U2C.127","action":"GetUpdates", "result":"DeleteReceived", "context":{"id":"31f81c0c-f273-4bcc-92e3-82040fe418cc", "isDeleted:":"true", "version":"1730184617387"}}
{"logTime": "1113/094135", "correlationVector":"NfIlHmoVKiBvBuRW6a2U2C.128","action":"GetUpdates", "result":"DeleteReceived", "context":{"id":"c2368932-1e32-4f20-83da-002811eee63f", "isDeleted:":"true", "version":"1730193647666"}}
{"logTime": "1113/094135", "correlationVector":"NfIlHmoVKiBvBuRW6a2U2C.129","action":"GetUpdates", "result":"DeleteReceived", "context":{"id":"f40bb5c7-4ffd-499c-9806-9a9e30232f41", "isDeleted:":"true", "version":"1730195488017"}}
{"logTime": "1113/094135", "correlationVector":"NfIlHmoVKiBvBuRW6a2U2C.130","action":"GetUpdates", "result":"DeleteReceived", "context":{"id":"af2a6217-67a3-4161-9041-e2c174f42d95", "isDeleted:":"true", "version":"1730205129446"}}
{"logTime": "1113/094135", "correlationVector":"NfIlHmoVKiBvBuRW6a2U2C.131","action":"GetUpdates", "result":"DeleteReceived", "context":{"id":"57d8293d-9ac5-4408-a412-5c0e8d1a8966", "isDeleted:":"true", "version":"1730205129448"}}
{"logTime": "1113/094135", "correlationVector":"NfIlHmoVKiBvBuRW6a2U2C.132","action":"GetUpdates", "result":"DeleteReceived", "context":{"id":"809ba2d2-6f29-4b50-89ef-2c53fa4f1246", "isDeleted:":"true", "version":"1730264587438"}}
{"logTime": "1113/094135", "correlationVector":"NfIlHmoVKiBvBuRW6a2U2C.133","action":"GetUpdates", "result":"DeleteReceived", "context":{"id":"178068d7-2d7d-4aec-9f6e-2a66e0a4679e", "isDeleted:":"true", "version":"1730268486330"}}
{"logTime": "1113/094135", "correlationVector":"NfIlHmoVKiBvBuRW6a2U2C.134","action":"GetUpdates", "result":"DeleteReceived", "context":{"id":"5539e456-b8a6-43b7-a7f5-e49ec2ae4447", "isDeleted:":"true", "version":"1730277934538"}}
{"logTime": "1113/094135", "correlationVector":"NfIlHmoVKiBvBuRW6a2U2C.135","action":"GetUpdates", "result":"DeleteReceived", "context":{"id":"3bb7f0c1-6bf5-4491-89f4-45c9d9efb0c0", "isDeleted:":"true", "version":"1730295581419"}}
{"logTime": "1113/094135", "correlationVector":"NfIlHmoVKiBvBuRW6a2U2C.136","action":"GetUpdates", "result":"DeleteReceived", "context":{"id":"ba5fcf38-c2ab-46e9-af4f-e6f3e1453f29", "isDeleted:":"true", "version":"1730368923758"}}
{"logTime": "1113/094135", "correlationVector":"NfIlHmoVKiBvBuRW6a2U2C.137","action":"GetUpdates", "result":"DeleteReceived", "context":{"id":"467e9028-4a4a-4f0e-b18c-47497804999a", "isDeleted:":"true", "version":"1730368923759"}}
{"logTime": "1113/094135", "correlationVector":"NfIlHmoVKiBvBuRW6a2U2C.138","action":"GetUpdates", "result":"DeleteReceived", "context":{"id":"aa95f33b-2d65-465f-9d8c-3f143aeb3a0b", "isDeleted:":"true", "version":"1730374281054"}}
{"logTime": "1113/094135", "correlationVector":"NfIlHmoVKiBvBuRW6a2U2C.139","action":"GetUpdates", "result":"DeleteReceived", "context":{"id":"5ae7bb4f-464d-4697-92ab-97733a809aa7", "isDeleted:":"true", "version":"1730374281055"}}
{"logTime": "1113/094135", "correlationVector":"NfIlHmoVKiBvBuRW6a2U2C.140","action":"GetUpdates", "result":"DeleteReceived", "context":{"id":"94108c11-becb-4d13-982e-45ed30d926e6", "isDeleted:":"true", "version":"1730374281056"}}
{"logTime": "1113/094135", "correlationVector":"NfIlHmoVKiBvBuRW6a2U2C.141","action":"GetUpdates", "result":"DeleteReceived", "context":{"id":"016afd1f-44cf-486c-859b-0ff875864688", "isDeleted:":"true", "version":"1730374316987"}}
{"logTime": "1113/094135", "correlationVector":"NfIlHmoVKiBvBuRW6a2U2C.142","action":"GetUpdates", "result":"DeleteReceived", "context":{"id":"af97c718-f459-4875-9d03-a462945f8e55", "isDeleted:":"true", "version":"1730436549716"}}
{"logTime": "1113/094135", "correlationVector":"NfIlHmoVKiBvBuRW6a2U2C.143","action":"GetUpdates", "result":"DeleteReceived", "context":{"id":"5bc9ffb6-ab5d-488b-86ca-e680935f1d4c", "isDeleted:":"true", "version":"1730436652528"}}
{"logTime": "1113/094135", "correlationVector":"NfIlHmoVKiBvBuRW6a2U2C.144","action":"GetUpdates", "result":"DeleteReceived", "context":{"id":"94ab3965-ba2a-448b-8cf0-6ab6c8d6bcff", "isDeleted:":"true", "version":"1730438392002"}}
{"logTime": "1113/094135", "correlationVector":"NfIlHmoVKiBvBuRW6a2U2C.145","action":"GetUpdates", "result":"DeleteReceived", "context":{"id":"4b8d78ef-7d04-400f-9b3c-384b1181974f", "isDeleted:":"true", "version":"1730438639254"}}
{"logTime": "1113/094135", "correlationVector":"NfIlHmoVKiBvBuRW6a2U2C.146","action":"GetUpdates", "result":"DeleteReceived", "context":{"id":"87475427-810b-43d9-9083-fcbecfc0019d", "isDeleted:":"true", "version":"1730440362889"}}
{"logTime": "1113/094135", "correlationVector":"NfIlHmoVKiBvBuRW6a2U2C.147","action":"GetUpdates", "result":"DeleteReceived", "context":{"id":"79308d0f-7f85-425f-8a06-8a14c75831a0", "isDeleted:":"true", "version":"1730440625603"}}
{"logTime": "1113/094135", "correlationVector":"NfIlHmoVKiBvBuRW6a2U2C.148","action":"GetUpdates", "result":"DeleteReceived", "context":{"id":"d93cbe24-efc3-44cd-b1f0-95705b5132b8", "isDeleted:":"true", "version":"1730441209944"}}
{"logTime": "1113/094135", "correlationVector":"NfIlHmoVKiBvBuRW6a2U2C.149","action":"GetUpdates", "result":"DeleteReceived", "context":{"id":"1d1fd2a4-7325-4dd1-9a4b-0642077623ff", "isDeleted:":"true", "version":"1730441249782"}}
{"logTime": "1113/094135", "correlationVector":"NfIlHmoVKiBvBuRW6a2U2C.150","action":"GetUpdates", "result":"DeleteReceived", "context":{"id":"6c379cf3-ea2c-4613-af19-04accec17323", "isDeleted:":"true", "version":"1730441448384"}}
{"logTime": "1113/094135", "correlationVector":"NfIlHmoVKiBvBuRW6a2U2C.151","action":"GetUpdates", "result":"DeleteReceived", "context":{"id":"a9ee36e8-dab9-4264-b920-87b3caa14a76", "isDeleted:":"true", "version":"1730442097790"}}
{"logTime": "1113/094135", "correlationVector":"NfIlHmoVKiBvBuRW6a2U2C.152","action":"GetUpdates", "result":"DeleteReceived", "context":{"id":"03c94026-d2cf-4552-9f49-733364c8ce88", "isDeleted:":"true", "version":"1730442979721"}}
{"logTime": "1113/094135", "correlationVector":"NfIlHmoVKiBvBuRW6a2U2C.153","action":"GetUpdates", "result":"DeleteReceived", "context":{"id":"4ab0f210-fe31-42db-931c-dc87ae5aeeca", "isDeleted:":"true", "version":"1730443161247"}}
{"logTime": "1113/094135", "correlationVector":"NfIlHmoVKiBvBuRW6a2U2C.154","action":"GetUpdates", "result":"DeleteReceived", "context":{"id":"a6a37b50-49a0-43d1-b9ba-e94caf83639b", "isDeleted:":"true", "version":"1730443979151"}}
{"logTime": "1113/094135", "correlationVector":"NfIlHmoVKiBvBuRW6a2U2C.155","action":"GetUpdates", "result":"DeleteReceived", "context":{"id":"1d573452-48d1-4261-b59d-7eafcd31111c", "isDeleted:":"true", "version":"1730444147977"}}
{"logTime": "1113/094135", "correlationVector":"NfIlHmoVKiBvBuRW6a2U2C.156","action":"GetUpdates", "result":"DeleteReceived", "context":{"id":"d2be8d87-0940-464a-be2c-bcbfc5f7ea0a", "isDeleted:":"true", "version":"1730444903484"}}
{"logTime": "1113/094135", "correlationVector":"NfIlHmoVKiBvBuRW6a2U2C.157","action":"GetUpdates", "result":"DeleteReceived", "context":{"id":"c71e34db-a164-40a8-a0bf-4771da1c55f8", "isDeleted:":"true", "version":"1730445163511"}}
{"logTime": "1113/094135", "correlationVector":"NfIlHmoVKiBvBuRW6a2U2C.158","action":"GetUpdates", "result":"DeleteReceived", "context":{"id":"22b03dd0-3abb-4f4d-abb4-6f73c3d1b551", "isDeleted:":"true", "version":"1730445333856"}}
{"logTime": "1113/094135", "correlationVector":"NfIlHmoVKiBvBuRW6a2U2C.159","action":"GetUpdates", "result":"DeleteReceived", "context":{"id":"fb4bad36-f4a1-401c-bf89-3703aae06050", "isDeleted:":"true", "version":"1730445522375"}}
{"logTime": "1113/094135", "correlationVector":"NfIlHmoVKiBvBuRW6a2U2C.160","action":"GetUpdates", "result":"DeleteReceived", "context":{"id":"4a6a6edf-88b8-42fb-b80a-441c8a341a68", "isDeleted:":"true", "version":"1730445933018"}}
{"logTime": "1113/094135", "correlationVector":"NfIlHmoVKiBvBuRW6a2U2C.161","action":"GetUpdates", "result":"DeleteReceived", "context":{"id":"62e7d042-3cd9-4442-88ed-63eac0ae3393", "isDeleted:":"true", "version":"1730446896998"}}
{"logTime": "1113/094135", "correlationVector":"NfIlHmoVKiBvBuRW6a2U2C.162","action":"GetUpdates", "result":"DeleteReceived", "context":{"id":"51884cda-9b36-4388-9da3-9e73c1143dc8", "isDeleted:":"true", "version":"1730449291001"}}
{"logTime": "1113/094135", "correlationVector":"NfIlHmoVKiBvBuRW6a2U2C.163","action":"GetUpdates", "result":"DeleteReceived", "context":{"id":"41ce1d67-4865-45d0-84dd-1d228f4a96bd", "isDeleted:":"true", "version":"1730452099799"}}
{"logTime": "1113/094135", "correlationVector":"NfIlHmoVKiBvBuRW6a2U2C.164","action":"GetUpdates", "result":"DeleteReceived", "context":{"id":"987d4f06-7c80-4abf-a8e3-119838a86183", "isDeleted:":"true", "version":"1730452099800"}}
{"logTime": "1113/094135", "correlationVector":"NfIlHmoVKiBvBuRW6a2U2C.165","action":"GetUpdates", "result":"DeleteReceived", "context":{"id":"48a06918-962a-45e0-ab7c-996b99560ba5", "isDeleted:":"true", "version":"1730463651109"}}
{"logTime": "1113/094135", "correlationVector":"NfIlHmoVKiBvBuRW6a2U2C.166","action":"GetUpdates", "result":"DeleteReceived", "context":{"id":"6611f019-055a-48fe-a183-779f10327ea6", "isDeleted:":"true", "version":"1730465314536"}}
{"logTime": "1113/094135", "correlationVector":"NfIlHmoVKiBvBuRW6a2U2C.167","action":"GetUpdates", "result":"DeleteReceived", "context":{"id":"3177a4df-5bea-4e59-87a0-fcc647a52270", "isDeleted:":"true", "version":"1730465351758"}}
{"logTime": "1113/094135", "correlationVector":"NfIlHmoVKiBvBuRW6a2U2C.168","action":"GetUpdates", "result":"DeleteReceived", "context":{"id":"6a21a443-ad8d-4ae8-aed9-dc31e840759c", "isDeleted:":"true", "version":"1730465448132"}}
{"logTime": "1113/094135", "correlationVector":"NfIlHmoVKiBvBuRW6a2U2C.169","action":"GetUpdates", "result":"DeleteReceived", "context":{"id":"3980b97a-5701-42e9-a923-45fae029d33a", "isDeleted:":"true", "version":"1730465448133"}}
{"logTime": "1113/094135", "correlationVector":"NfIlHmoVKiBvBuRW6a2U2C.170","action":"GetUpdates", "result":"DeleteReceived", "context":{"id":"e4bc8fa4-be52-42c4-8777-20ac8c34482c", "isDeleted:":"true", "version":"1730465448134"}}
{"logTime": "1113/094135", "correlationVector":"NfIlHmoVKiBvBuRW6a2U2C.171","action":"GetUpdates", "result":"DeleteReceived", "context":{"id":"74aaac3b-96bc-41c5-906b-9df2c4ac3eda", "isDeleted:":"true", "version":"1730465448135"}}
{"logTime": "1113/094135", "correlationVector":"NfIlHmoVKiBvBuRW6a2U2C.172","action":"GetUpdates", "result":"DeleteReceived", "context":{"id":"1bcac5b7-8693-409f-8c9e-0dac9fb0c505", "isDeleted:":"true", "version":"1730465448136"}}
{"logTime": "1113/094135", "correlationVector":"NfIlHmoVKiBvBuRW6a2U2C.173","action":"GetUpdates", "result":"DeleteReceived", "context":{"id":"91de43d9-db5d-43ae-bee8-10ac01299bdb", "isDeleted:":"true", "version":"1730468659485"}}
{"logTime": "1113/094135", "correlationVector":"NfIlHmoVKiBvBuRW6a2U2C.174","action":"GetUpdates", "result":"DeleteReceived", "context":{"id":"e7adb44a-1f72-47aa-bae0-04dccce5988d", "isDeleted:":"true", "version":"1730472383347"}}
{"logTime": "1113/094135", "correlationVector":"NfIlHmoVKiBvBuRW6a2U2C.175","action":"GetUpdates", "result":"DeleteReceived", "context":{"id":"268ac63a-de68-46c1-b1b2-99ba46878d00", "isDeleted:":"true", "version":"1730472444928"}}
{"logTime": "1113/094135", "correlationVector":"NfIlHmoVKiBvBuRW6a2U2C.176","action":"GetUpdates", "result":"DeleteReceived", "context":{"id":"8cab9ecb-742c-4ba1-9cf8-2dd2b6434864", "isDeleted:":"true", "version":"1730622771577"}}
{"logTime": "1113/094135", "correlationVector":"NfIlHmoVKiBvBuRW6a2U2C.177","action":"GetUpdates", "result":"DeleteReceived", "context":{"id":"2468af4e-0dee-4441-9317-a794f7d4fb30", "isDeleted:":"true", "version":"1730623188199"}}
{"logTime": "1113/094135", "correlationVector":"NfIlHmoVKiBvBuRW6a2U2C.178","action":"GetUpdates", "result":"DeleteReceived", "context":{"id":"f9722cc5-f587-47c1-bf00-cecc9dcd2bf5", "isDeleted:":"true", "version":"1730633110858"}}
{"logTime": "1113/094135", "correlationVector":"NfIlHmoVKiBvBuRW6a2U2C.179","action":"GetUpdates", "result":"DeleteReceived", "context":{"id":"eb5e4c79-0bc8-4501-8150-151668418c5c", "isDeleted:":"true", "version":"1730633640292"}}
{"logTime": "1113/094135", "correlationVector":"NfIlHmoVKiBvBuRW6a2U2C.180","action":"GetUpdates", "result":"DeleteReceived", "context":{"id":"6f3c9980-50b0-49bc-9418-6aa2e1420799", "isDeleted:":"true", "version":"1730635766037"}}
{"logTime": "1113/094135", "correlationVector":"NfIlHmoVKiBvBuRW6a2U2C.181","action":"GetUpdates", "result":"DeleteReceived", "context":{"id":"408069ea-6db8-4331-ad9e-b1818e720789", "isDeleted:":"true", "version":"1730638766559"}}
{"logTime": "1113/094135", "correlationVector":"NfIlHmoVKiBvBuRW6a2U2C.182","action":"GetUpdates", "result":"DeleteReceived", "context":{"id":"8605d7ba-a07c-452d-9381-b74da175b1e4", "isDeleted:":"true", "version":"1730714759752"}}
{"logTime": "1113/094135", "correlationVector":"NfIlHmoVKiBvBuRW6a2U2C.183","action":"GetUpdates", "result":"DeleteReceived", "context":{"id":"ab446c24-a9e9-45c2-8f27-6dfa9742acc2", "isDeleted:":"true", "version":"1730724966935"}}
{"logTime": "1113/094135", "correlationVector":"NfIlHmoVKiBvBuRW6a2U2C.184","action":"GetUpdates", "result":"DeleteReceived", "context":{"id":"1d70c3b2-7a81-48f0-a38a-b6d9efc237d6", "isDeleted:":"true", "version":"1730799722406"}}
{"logTime": "1113/094135", "correlationVector":"NfIlHmoVKiBvBuRW6a2U2C.185","action":"GetUpdates", "result":"DeleteReceived", "context":{"id":"1e05ed37-9141-4e23-bd31-f149a38ad541", "isDeleted:":"true", "version":"1730799722408"}}
{"logTime": "1113/094135", "correlationVector":"NfIlHmoVKiBvBuRW6a2U2C.186","action":"GetUpdates", "result":"DeleteReceived", "context":{"id":"05037dee-2968-4173-afcb-a6b7b81cf198", "isDeleted:":"true", "version":"1730872264460"}}
{"logTime": "1113/094135", "correlationVector":"NfIlHmoVKiBvBuRW6a2U2C.187","action":"GetUpdates", "result":"DeleteReceived", "context":{"id":"4bb769b2-3da3-49be-bf70-900a42e946de", "isDeleted:":"true", "version":"1730883986115"}}
{"logTime": "1113/094135", "correlationVector":"NfIlHmoVKiBvBuRW6a2U2C.188","action":"GetUpdates", "result":"DeleteReceived", "context":{"id":"44ad730c-c8ac-45f6-93de-c470ce5e1471", "isDeleted:":"true", "version":"1730885177541"}}
{"logTime": "1113/094135", "correlationVector":"NfIlHmoVKiBvBuRW6a2U2C.189","action":"GetUpdates", "result":"DeleteReceived", "context":{"id":"2330b36d-4d47-42cf-96f5-3a9dba44a194", "isDeleted:":"true", "version":"1730886324678"}}
{"logTime": "1113/094135", "correlationVector":"NfIlHmoVKiBvBuRW6a2U2C.190","action":"GetUpdates", "result":"DeleteReceived", "context":{"id":"d8353ebd-fe42-4287-8fa3-4c8b1ff492bb", "isDeleted:":"true", "version":"1730892871409"}}
{"logTime": "1113/094135", "correlationVector":"NfIlHmoVKiBvBuRW6a2U2C.191","action":"GetUpdates", "result":"DeleteReceived", "context":{"id":"80c7b52c-d33d-4339-a88b-7ed1136bb835", "isDeleted:":"true", "version":"1730900890168"}}
{"logTime": "1113/094135", "correlationVector":"NfIlHmoVKiBvBuRW6a2U2C.192","action":"GetUpdates", "result":"DeleteReceived", "context":{"id":"d94d39fd-c902-477b-b1b0-b40f698b8143", "isDeleted:":"true", "version":"1730900890169"}}
{"logTime": "1113/094135", "correlationVector":"NfIlHmoVKiBvBuRW6a2U2C.193","action":"GetUpdates", "result":"DeleteReceived", "context":{"id":"0bb8a0bf-87a1-46c3-897c-db626e01948b", "isDeleted:":"true", "version":"1730900890170"}}
{"logTime": "1113/094135", "correlationVector":"NfIlHmoVKiBvBuRW6a2U2C.194","action":"GetUpdates", "result":"DeleteReceived", "context":{"id":"15b823dd-da6c-4955-95f3-704d8ba00360", "isDeleted:":"true", "version":"1730900890171"}}
{"logTime": "1113/094135", "correlationVector":"NfIlHmoVKiBvBuRW6a2U2C.195","action":"GetUpdates", "result":"DeleteReceived", "context":{"id":"c6cc51ac-e402-4d46-85b1-62ae7e1076e6", "isDeleted:":"true", "version":"1730900890172"}}
{"logTime": "1113/094135", "correlationVector":"NfIlHmoVKiBvBuRW6a2U2C.196","action":"GetUpdates", "result":"DeleteReceived", "context":{"id":"d5af9d7a-820f-494d-846b-d94e245dc8fb", "isDeleted:":"true", "version":"1730988401970"}}
{"logTime": "1113/094135", "correlationVector":"NfIlHmoVKiBvBuRW6a2U2C.197","action":"GetUpdates", "result":"DeleteReceived", "context":{"id":"be577efc-6ac7-4443-a7e3-1cc3f59387fd", "isDeleted:":"true", "version":"1730989807712"}}
{"logTime": "1113/094135", "correlationVector":"NfIlHmoVKiBvBuRW6a2U2C.198","action":"GetUpdates", "result":"DeleteReceived", "context":{"id":"59c6482c-1749-433e-a7f2-b5ec35a8902f", "isDeleted:":"true", "version":"1730990089989"}}
{"logTime": "1113/094135", "correlationVector":"NfIlHmoVKiBvBuRW6a2U2C.199","action":"GetUpdates", "result":"DeleteReceived", "context":{"id":"c254b8b9-a7b8-46fa-a553-fb146ee3adc9", "isDeleted:":"true", "version":"1731040526752"}}
{"logTime": "1113/094135", "correlationVector":"NfIlHmoVKiBvBuRW6a2U2C.200","action":"GetUpdates", "result":"DeleteReceived", "context":{"id":"673a7146-d7d0-4508-ac29-2d74b775fb77", "isDeleted:":"true", "version":"1731043672444"}}
{"logTime": "1113/094135", "correlationVector":"NfIlHmoVKiBvBuRW6a2U2C.201","action":"GetUpdates", "result":"DeleteReceived", "context":{"id":"61d5eaa7-c1cc-4d6e-8414-6d570ad5ef52", "isDeleted:":"true", "version":"1731049640440"}}
{"logTime": "1113/094135", "correlationVector":"NfIlHmoVKiBvBuRW6a2U2C.202","action":"GetUpdates", "result":"DeleteReceived", "context":{"id":"d75f37b9-4cf0-4eab-a5c7-fbc2cea14040", "isDeleted:":"true", "version":"1731054154811"}}
{"logTime": "1113/094135", "correlationVector":"NfIlHmoVKiBvBuRW6a2U2C.203","action":"GetUpdates", "result":"DeleteReceived", "context":{"id":"c660c945-2751-4bd7-aa2d-a9c4c7af4c7f", "isDeleted:":"true", "version":"1731062145396"}}
{"logTime": "1113/094135", "correlationVector":"NfIlHmoVKiBvBuRW6a2U2C.204","action":"GetUpdates", "result":"DeleteReceived", "context":{"id":"9c0fc87b-974b-447e-b49d-0eed90cbbe9f", "isDeleted:":"true", "version":"1731063424303"}}
{"logTime": "1113/094135", "correlationVector":"NfIlHmoVKiBvBuRW6a2U2C.205","action":"GetUpdates", "result":"DeleteReceived", "context":{"id":"ed73444b-faf7-4d24-99a3-ca4422ce778b", "isDeleted:":"true", "version":"1731063819155"}}
{"logTime": "1113/094135", "correlationVector":"NfIlHmoVKiBvBuRW6a2U2C.206","action":"GetUpdates", "result":"DeleteReceived", "context":{"id":"10218d99-7431-400a-9a26-b0d1b838ae11", "isDeleted:":"true", "version":"1731064861774"}}
{"logTime": "1113/094135", "correlationVector":"NfIlHmoVKiBvBuRW6a2U2C.207","action":"GetUpdates", "result":"DeleteReceived", "context":{"id":"1cd9c03f-dcd2-48cc-85c0-c289e00b56ac", "isDeleted:":"true", "version":"1731065034406"}}
{"logTime": "1113/094135", "correlationVector":"NfIlHmoVKiBvBuRW6a2U2C.208","action":"GetUpdates", "result":"DeleteReceived", "context":{"id":"a423769c-c246-4aca-8777-b669548b3a3e", "isDeleted:":"true", "version":"1731065034407"}}
{"logTime": "1113/094135", "correlationVector":"NfIlHmoVKiBvBuRW6a2U2C.209","action":"GetUpdates", "result":"DeleteReceived", "context":{"id":"be2fc87b-7d67-4abc-87e9-9e9be264f61d", "isDeleted:":"true", "version":"1731065285963"}}
{"logTime": "1113/094135", "correlationVector":"NfIlHmoVKiBvBuRW6a2U2C.210","action":"GetUpdates", "result":"DeleteReceived", "context":{"id":"e8392977-7903-45d7-aa2d-437d73f7e319", "isDeleted:":"true", "version":"1731065656648"}}
{"logTime": "1113/094135", "correlationVector":"NfIlHmoVKiBvBuRW6a2U2C.211","action":"GetUpdates", "result":"DeleteReceived", "context":{"id":"a3e184f9-2299-4e26-9564-dee63664f575", "isDeleted:":"true", "version":"1731065656649"}}
{"logTime": "1113/094135", "correlationVector":"NfIlHmoVKiBvBuRW6a2U2C.212","action":"GetUpdates", "result":"DeleteReceived", "context":{"id":"67a0db1c-5934-4ef7-aa92-02013ff86b35", "isDeleted:":"true", "version":"1731065821624"}}
{"logTime": "1113/094135", "correlationVector":"NfIlHmoVKiBvBuRW6a2U2C.213","action":"GetUpdates", "result":"DeleteReceived", "context":{"id":"a40b17d4-c23e-4d5b-8122-c42c39da70cd", "isDeleted:":"true", "version":"1731071495593"}}
{"logTime": "1113/094135", "correlationVector":"NfIlHmoVKiBvBuRW6a2U2C.214","action":"GetUpdates", "result":"DeleteReceived", "context":{"id":"057b576e-7c79-401f-8f87-6bc7d89905b5", "isDeleted:":"true", "version":"1731073771013"}}
{"logTime": "1113/094135", "correlationVector":"NfIlHmoVKiBvBuRW6a2U2C.215","action":"GetUpdates", "result":"DeleteReceived", "context":{"id":"b6d9c31d-fdb8-41e6-8a70-4276b725c01e", "isDeleted:":"true", "version":"1731074464593"}}
{"logTime": "1113/094135", "correlationVector":"NfIlHmoVKiBvBuRW6a2U2C.216","action":"GetUpdates", "result":"DeleteReceived", "context":{"id":"ec482398-93fc-4825-9e8d-5fb519652305", "isDeleted:":"true", "version":"1731078980768"}}
{"logTime": "1113/094135", "correlationVector":"NfIlHmoVKiBvBuRW6a2U2C.217","action":"GetUpdates", "result":"DeleteReceived", "context":{"id":"b6c575a8-47ac-4c68-82be-91e1073a3b84", "isDeleted:":"true", "version":"1731079187450"}}
{"logTime": "1113/094135", "correlationVector":"NfIlHmoVKiBvBuRW6a2U2C.218","action":"GetUpdates Response", "result":"Success", "context":Received 250 update(s). cV=NfIlHmoVKiBvBuRW6a2U2C.0;server=GENERAL0300001Z;cloudType=Consumer;environment=Prod_SoutheastAsia_000j;migrationStage=NotStarted Some updates remain.}
{"logTime": "1113/094135", "correlationVector":"s5dkCuHwSdQL/wsNbE0xdC","action":"Initial GetUpdates", "result":"", "context":Reason: NEWLY_SUPPORTED_DATATYPE. cV=s5dkCuHwSdQL/wsNbE0xdC}
{"logTime": "1113/094136", "correlationVector":"s5dkCuHwSdQL/wsNbE0xdC.1","action":"SyncServerConnectionManagerRequest", "result":"SYNC_SERVER_OK", "context":{"environment":"Prod_SoutheastAsia_000j", "migrationStage":"NotStarted", "server":"GENERAL01000009"}}
{"logTime": "1113/094136", "correlationVector":"s5dkCuHwSdQL/wsNbE0xdC.2","action":"GetUpdates", "result":"DeleteReceived", "context":{"id":"c9b56159-9224-492e-9457-2bbaf54b0706", "isDeleted:":"true", "version":"1731079472865"}}
{"logTime": "1113/094136", "correlationVector":"s5dkCuHwSdQL/wsNbE0xdC.3","action":"GetUpdates", "result":"DeleteReceived", "context":{"id":"589088b7-75f5-45f2-87e3-719932f16b90", "isDeleted:":"true", "version":"1731079688864"}}
{"logTime": "1113/094136", "correlationVector":"s5dkCuHwSdQL/wsNbE0xdC.4","action":"GetUpdates", "result":"DeleteReceived", "context":{"id":"094a0bbd-35d0-4ae0-b077-30113adc7b4c", "isDeleted:":"true", "version":"1731081579350"}}
{"logTime": "1113/094136", "correlationVector":"s5dkCuHwSdQL/wsNbE0xdC.5","action":"GetUpdates", "result":"DeleteReceived", "context":{"id":"9f766788-345a-4cda-8c26-716c23dcaef2", "isDeleted:":"true", "version":"1731133331415"}}
{"logTime": "1113/094136", "correlationVector":"s5dkCuHwSdQL/wsNbE0xdC.6","action":"GetUpdates", "result":"DeleteReceived", "context":{"id":"f37f9e50-735e-4894-b3b9-42a2067a757c", "isDeleted:":"true", "version":"1731133331416"}}
{"logTime": "1113/094136", "correlationVector":"s5dkCuHwSdQL/wsNbE0xdC.7","action":"GetUpdates", "result":"DeleteReceived", "context":{"id":"5484ab2c-df5a-4afd-af35-08cf83079b8c", "isDeleted:":"true", "version":"1731134146163"}}
{"logTime": "1113/094136", "correlationVector":"s5dkCuHwSdQL/wsNbE0xdC.8","action":"GetUpdates", "result":"DeleteReceived", "context":{"id":"924adca2-c437-4340-b7c0-68d95163329d", "isDeleted:":"true", "version":"1731142072142"}}
{"logTime": "1113/094136", "correlationVector":"s5dkCuHwSdQL/wsNbE0xdC.9","action":"GetUpdates", "result":"DeleteReceived", "context":{"id":"9ab79cbc-c591-43d3-8338-130ac81aa8d3", "isDeleted:":"true", "version":"1731142537532"}}
{"logTime": "1113/094136", "correlationVector":"s5dkCuHwSdQL/wsNbE0xdC.10","action":"GetUpdates", "result":"DeleteReceived", "context":{"id":"444a1d63-551e-440e-b794-2be59c51c84c", "isDeleted:":"true", "version":"1731147024233"}}
{"logTime": "1113/094136", "correlationVector":"s5dkCuHwSdQL/wsNbE0xdC.11","action":"GetUpdates", "result":"DeleteReceived", "context":{"id":"8cf741ab-a114-4b1b-a98a-cd4e5ba23c0f", "isDeleted:":"true", "version":"1731147895514"}}
{"logTime": "1113/094136", "correlationVector":"s5dkCuHwSdQL/wsNbE0xdC.12","action":"GetUpdates", "result":"DeleteReceived", "context":{"id":"378a7774-1e5d-4ca1-8522-587a6832fd50", "isDeleted:":"true", "version":"1731149458454"}}
{"logTime": "1113/094136", "correlationVector":"s5dkCuHwSdQL/wsNbE0xdC.13","action":"GetUpdates", "result":"DeleteReceived", "context":{"id":"8b2a65be-a134-4893-b73c-968903da53d4", "isDeleted:":"true", "version":"1731150076678"}}
{"logTime": "1113/094136", "correlationVector":"s5dkCuHwSdQL/wsNbE0xdC.14","action":"GetUpdates", "result":"DeleteReceived", "context":{"id":"4f6938de-1998-44a2-b95e-2c2e0c9f55bb", "isDeleted:":"true", "version":"1731156013384"}}
{"logTime": "1113/094136", "correlationVector":"s5dkCuHwSdQL/wsNbE0xdC.15","action":"GetUpdates", "result":"DeleteReceived", "context":{"id":"63f257bc-c7cf-4430-8849-298204a7002f", "isDeleted:":"true", "version":"1731156404870"}}
{"logTime": "1113/094136", "correlationVector":"s5dkCuHwSdQL/wsNbE0xdC.16","action":"GetUpdates", "result":"DeleteReceived", "context":{"id":"3515d888-347f-474f-a1f8-4747223820b9", "isDeleted:":"true", "version":"1731157003586"}}
{"logTime": "1113/094136", "correlationVector":"s5dkCuHwSdQL/wsNbE0xdC.17","action":"GetUpdates", "result":"DeleteReceived", "context":{"id":"f2c4e545-044a-4e3f-a1c5-191a778a6c7d", "isDeleted:":"true", "version":"1731307704516"}}
{"logTime": "1113/094136", "correlationVector":"s5dkCuHwSdQL/wsNbE0xdC.18","action":"GetUpdates", "result":"DeleteReceived", "context":{"id":"406da3d2-007b-4593-9386-c2e97ded66ee", "isDeleted:":"true", "version":"1731481469414"}}
{"logTime": "1113/094136", "correlationVector":"s5dkCuHwSdQL/wsNbE0xdC.19","action":"GetUpdates", "result":"DeleteReceived", "context":{"id":"df1c2561-dbf6-4e70-bdeb-083bfa89ca99", "isDeleted:":"true", "version":"1731487567956"}}
{"logTime": "1113/094136", "correlationVector":"s5dkCuHwSdQL/wsNbE0xdC.20","action":"GetUpdates", "result":"DeleteReceived", "context":{"id":"37efbda2-7165-4da8-b4f4-f19b433f0aaf", "isDeleted:":"true", "version":"1731489966719"}}
{"logTime": "1113/094136", "correlationVector":"s5dkCuHwSdQL/wsNbE0xdC.21","action":"GetUpdates", "result":"DeleteReceived", "context":{"id":"a4ea3143-3f25-4b1d-9a1d-92be742b1666", "isDeleted:":"true", "version":"1731490259995"}}
{"logTime": "1113/094136", "correlationVector":"s5dkCuHwSdQL/wsNbE0xdC.22","action":"GetUpdates Response", "result":"Success", "context":Received 44 update(s). cV=s5dkCuHwSdQL/wsNbE0xdC.0;server=GENERAL01000009;cloudType=Consumer;environment=Prod_SoutheastAsia_000j;migrationStage=NotStarted}
{"logTime": "1113/094136", "correlationVector":"lVfg1k2kCz8KRneaQQL6oE","action":"Normal GetUpdate request", "result":"", "context":cV=lVfg1k2kCz8KRneaQQL6oE
Nudged types: Sessions, Device Info, User Consents
Refresh requested types: Bookmarks, Preferences, Passwords, Autofill Profiles, Autofill, Typed URLs, Extensions, Sessions, Extension settings, History Delete Directives, Device Info, User Consents, Send Tab To Self, Web Apps, Collection, Edge E Drop, Edge Hub App Usage, Edge Tab Group, Edge Wallet, Encryption Keys}
{"logTime": "1113/094137", "correlationVector":"lVfg1k2kCz8KRneaQQL6oE.1","action":"SyncServerConnectionManagerRequest", "result":"SYNC_SERVER_OK", "context":{"environment":"Prod_SoutheastAsia_000j", "migrationStage":"NotStarted", "server":"GENERAL0100001D"}}
{"logTime": "1113/094137", "correlationVector":"lVfg1k2kCz8KRneaQQL6oE.2","action":"GetUpdates Response", "result":"Success", "context":Received 0 update(s). cV=lVfg1k2kCz8KRneaQQL6oE.0;server=GENERAL0100001D;cloudType=Consumer;environment=Prod_SoutheastAsia_000j;migrationStage=NotStarted}
{"logTime": "1113/094137", "correlationVector":"da6fZa3e79Ib3Sc7qI4pQd","action":"DoCompareDataConsistency requsted types: ", "result":"Bookmarks, Preferences, Passwords, Typed URLs, Extensions, Extension settings, History Delete Directives, Send Tab To Self, Web Apps, Collection, Edge E Drop, Edge Tab Group, Edge Wallet, Encryption Keys"}
{"logTime": "1113/094137", "correlationVector":"da6fZa3e79Ib3Sc7qI4pQd.0","action":"CompareDataConsistency result: ", "result":"Compare result: Encryption Keys is consistent. local entities count is: 1 local entities hash is: 8Rf5S/re8NsyaZ0nhUd7MmjuTvQ="}
{"logTime": "1113/094137", "correlationVector":"da6fZa3e79Ib3Sc7qI4pQd.1","action":"CompareDataConsistency result: ", "result":"Compare result: Bookmarks is consistent. local entities count is: 25 local entities hash is: vdP6KGm5oX4jlI49FZNn0WvLjxI="}
{"logTime": "1113/094137", "correlationVector":"da6fZa3e79Ib3Sc7qI4pQd.2","action":"CompareDataConsistency result: ", "result":"Compare result: Preferences is consistent. local entities count is: 73 local entities hash is: NYPRjLUXxKzPB7883FAWU1+E7qA="}
{"logTime": "1113/094137", "correlationVector":"da6fZa3e79Ib3Sc7qI4pQd.3","action":"CompareDataConsistency result: ", "result":"Server did not send this Typed URLs local entities count is: 14 local entities hash is: WP9FS0FsfpC2z7xtEjsq9TtU+to="}
{"logTime": "1113/094137", "correlationVector":"da6fZa3e79Ib3Sc7qI4pQd.4","action":"CompareDataConsistency result: ", "result":"Compare result: Extensions is consistent. local entities count is: 2 local entities hash is: MZbJm9jOCKt10HosxlS37uWfqQ0="}
{"logTime": "1113/094137", "correlationVector":"da6fZa3e79Ib3Sc7qI4pQd.5","action":"CompareDataConsistency result: ", "result":"Compare result: Extension settings is consistent. local entities count is: 0 local entities hash is: "}
{"logTime": "1113/094137", "correlationVector":"da6fZa3e79Ib3Sc7qI4pQd.6","action":"CompareDataConsistency result: ", "result":"Compare result: History Delete Directives is consistent. local entities count is: 0 local entities hash is: "}
{"logTime": "1113/094137", "correlationVector":"da6fZa3e79Ib3Sc7qI4pQd.7","action":"CompareDataConsistency result: ", "result":"Server did not send this Send Tab To Self local entities count is: 0 local entities hash is: "}
{"logTime": "1113/094137", "correlationVector":"da6fZa3e79Ib3Sc7qI4pQd.8","action":"CompareDataConsistency result: ", "result":"Compare result: Web Apps is consistent. local entities count is: 0 local entities hash is: "}
{"logTime": "1113/094137", "correlationVector":"da6fZa3e79Ib3Sc7qI4pQd.9","action":"CompareDataConsistency result: ", "result":"Compare result: Collection is consistent. local entities count is: 0 local entities hash is: "}
{"logTime": "1113/094137", "correlationVector":"da6fZa3e79Ib3Sc7qI4pQd.10","action":"CompareDataConsistency result: ", "result":"Compare result: Edge E Drop is consistent. local entities count is: 0 local entities hash is: "}
{"logTime": "1113/094137", "correlationVector":"da6fZa3e79Ib3Sc7qI4pQd.11","action":"CompareDataConsistency result: ", "result":"Compare result: Edge Tab Group is consistent. local entities count is: 0 local entities hash is: "}
{"logTime": "1113/094137", "correlationVector":"da6fZa3e79Ib3Sc7qI4pQd.12","action":"CompareDataConsistency result: ", "result":"Compare result: Edge Wallet is consistent. local entities count is: 0 local entities hash is: "}
{"logTime": "1113/094137", "correlationVector":"da6fZa3e79Ib3Sc7qI4pQd.13","action":"CompareDataConsistency result: ", "result":"Compare result: Passwords is consistent. local entities count is: 51 local entities hash is: y2exiNqdTCvveyG+5XZkBxtMeXM="}
{"logTime": "1113/094137", "correlationVector":"hDsamCwtPDMkoqKGsbRvC9","action":"Commit Request", "result":"", "context":Item count: 5
Contributing types: Sessions, Device Info, User Consents}
{"logTime": "1113/094138", "correlationVector":"hDsamCwtPDMkoqKGsbRvC9.1","action":"SyncServerConnectionManagerRequest", "result":"SYNC_SERVER_OK", "context":{"environment":"Prod_SoutheastAsia_000j", "migrationStage":"NotStarted", "server":"GENERAL0100000G"}}
{"logTime": "1113/094138", "correlationVector":"hDsamCwtPDMkoqKGsbRvC9.2","action":"Commit Response", "result":"Success", "context":Result: Success. cV=hDsamCwtPDMkoqKGsbRvC9.0;server=GENERAL0100000G;cloudType=Consumer;environment=Prod_SoutheastAsia_000j;migrationStage=NotStarted}
{"logTime": "1113/094138", "correlationVector":"","action":"DIAGNOSTIC_REQUEST|v1/diagnosticData/Diagnostic.SendCheckResult()|SUCCESS", "result":""}
{"logTime": "1113/094138", "correlationVector":"Irqy2pO+GMJT9+pMnM2hnn","action":"Normal GetUpdate request", "result":"", "context":cV=Irqy2pO+GMJT9+pMnM2hnn
Nudged types: Sessions, Device Info}
{"logTime": "1113/094139", "correlationVector":"Irqy2pO+GMJT9+pMnM2hnn.1","action":"SyncServerConnectionManagerRequest", "result":"SYNC_SERVER_OK", "context":{"environment":"Prod_SoutheastAsia_000j", "migrationStage":"NotStarted", "server":"GENERAL0100001G"}}
{"logTime": "1113/094139", "correlationVector":"Irqy2pO+GMJT9+pMnM2hnn.2","action":"GetUpdates Response", "result":"Success", "context":Received 3 update(s). cV=Irqy2pO+GMJT9+pMnM2hnn.0;server=GENERAL0100001G;cloudType=Consumer;environment=Prod_SoutheastAsia_000j;migrationStage=NotStarted}
{"logTime": "1113/094141", "correlationVector":"f9GI5nvk0lasmCUX7Bu4s+","action":"Commit Request", "result":"", "context":Item count: 1
Contributing types: Passwords}
{"logTime": "1113/094142", "correlationVector":"f9GI5nvk0lasmCUX7Bu4s+.1","action":"SyncServerConnectionManagerRequest", "result":"SYNC_SERVER_OK", "context":{"environment":"Prod_SoutheastAsia_000j", "migrationStage":"NotStarted", "server":"GENERAL0100000Q"}}
{"logTime": "1113/094142", "correlationVector":"f9GI5nvk0lasmCUX7Bu4s+.2","action":"Commit Response", "result":"Success", "context":Result: Success. cV=f9GI5nvk0lasmCUX7Bu4s+.0;server=GENERAL0100000Q;cloudType=Consumer;environment=Prod_SoutheastAsia_000j;migrationStage=NotStarted}
{"logTime": "1113/094144", "correlationVector":"lbXG53gHSL8kUOl917fAUO","action":"Normal GetUpdate request", "result":"", "context":cV=lbXG53gHSL8kUOl917fAUO
Notified types: Passwords}
{"logTime": "1113/094145", "correlationVector":"lbXG53gHSL8kUOl917fAUO.1","action":"SyncServerConnectionManagerRequest", "result":"SYNC_SERVER_OK", "context":{"environment":"Prod_SoutheastAsia_000j", "migrationStage":"NotStarted", "server":"GENERAL01000009"}}
{"logTime": "1113/094145", "correlationVector":"lbXG53gHSL8kUOl917fAUO.2","action":"GetUpdates Response", "result":"Success", "context":Received 1 update(s). cV=lbXG53gHSL8kUOl917fAUO.0;server=GENERAL01000009;cloudType=Consumer;environment=Prod_SoutheastAsia_000j;migrationStage=NotStarted}
{"logTime": "1113/094518", "correlationVector":"1VtjfmmihsoAdQGVPUDTTn","action":"Commit Request", "result":"", "context":Item count: 1
Contributing types: Sessions}
{"logTime": "1113/094518", "correlationVector":"1VtjfmmihsoAdQGVPUDTTn.1","action":"SyncServerConnectionManagerRequest", "result":"SYNC_SERVER_OK", "context":{"environment":"Prod_SoutheastAsia_000j", "migrationStage":"NotStarted", "server":"GENERAL0300002A"}}
{"logTime": "1113/094518", "correlationVector":"1VtjfmmihsoAdQGVPUDTTn.2","action":"Commit Response", "result":"Success", "context":Result: Success. cV=1VtjfmmihsoAdQGVPUDTTn.0;server=GENERAL0300002A;cloudType=Consumer;environment=Prod_SoutheastAsia_000j;migrationStage=NotStarted}
{"logTime": "1113/094622", "correlationVector":"TcKEqlMHFjjUb9PwLmsnj5","action":"Normal GetUpdate request", "result":"", "context":cV=TcKEqlMHFjjUb9PwLmsnj5
Refresh requested types: Bookmarks, Preferences, Passwords, Autofill Profiles, Autofill, Typed URLs, Extensions, Sessions, Extension settings, History Delete Directives, Device Info, User Consents, Send Tab To Self, Web Apps, Collection, Edge E Drop, Edge Hub App Usage, Edge Tab Group, Edge Wallet, Encryption Keys}
{"logTime": "1113/094622", "correlationVector":"TcKEqlMHFjjUb9PwLmsnj5.1","action":"SyncServerConnectionManagerRequest", "result":"SYNC_SERVER_OK", "context":{"environment":"Prod_SoutheastAsia_000j", "migrationStage":"NotStarted", "server":"GENERAL0300002X"}}
{"logTime": "1113/094622", "correlationVector":"TcKEqlMHFjjUb9PwLmsnj5.2","action":"GetUpdates Response", "result":"Success", "context":Received 1 update(s). cV=TcKEqlMHFjjUb9PwLmsnj5.0;server=GENERAL0300002X;cloudType=Consumer;environment=Prod_SoutheastAsia_000j;migrationStage=NotStarted}
{"logTime": "1113/094817", "correlationVector":"WpE0+KHjhNg1Ulz0hppf7k.1","action":"SyncServerConnectionManagerRequest", "result":"SYNC_SERVER_OK", "context":{"environment":"Prod_SoutheastAsia_000j", "migrationStage":"NotStarted", "server":"GENERAL0300001Y"}}
{"logTime": "1113/094818", "correlationVector":"oucwpr4P6wbY+/WHl27hNe","action":"SyncServerConnectionManagerRequest", "result":"SYNC_SERVER_OK", "context":{"environment":"", "migrationStage":"", "server":""}}
{"logTime": "1113/094818", "correlationVector":"WpE0+KHjhNg1Ulz0hppf7k","action":"Initial GetUpdates", "result":"", "context":Reason: NEW_CLIENT. cV=WpE0+KHjhNg1Ulz0hppf7k}
{"logTime": "1113/094818", "correlationVector":"WpE0+KHjhNg1Ulz0hppf7k.2","action":"GetUpdates Response", "result":"Success", "context":Received 1 update(s). cV=WpE0+KHjhNg1Ulz0hppf7k.0;server=GENERAL0300001Y;cloudType=Consumer;environment=Prod_SoutheastAsia_000j;migrationStage=NotStarted}
{"logTime": "1113/094818", "correlationVector":"Kl3WFAvwcEFWTE05pFnGja","action":"Initial GetUpdates", "result":"", "context":Reason: NEWLY_SUPPORTED_DATATYPE. cV=Kl3WFAvwcEFWTE05pFnGja}
{"logTime": "1113/094818", "correlationVector":"Kl3WFAvwcEFWTE05pFnGja.1","action":"SyncServerConnectionManagerRequest", "result":"SYNC_SERVER_OK", "context":{"environment":"Prod_SoutheastAsia_000j", "migrationStage":"NotStarted", "server":"GENERAL0100001G"}}
{"logTime": "1113/094818", "correlationVector":"Kl3WFAvwcEFWTE05pFnGja.2","action":"GetUpdates Response", "result":"Success", "context":Received 52 update(s). cV=Kl3WFAvwcEFWTE05pFnGja.0;server=GENERAL0100001G;cloudType=Consumer;environment=Prod_SoutheastAsia_000j;migrationStage=NotStarted}
{"logTime": "1113/094818", "correlationVector":"B9N7GGpWo1weCb58pHBHcS","action":"Normal GetUpdate request", "result":"", "context":cV=B9N7GGpWo1weCb58pHBHcS
Nudged types: Sessions
Refresh requested types: Bookmarks, Preferences, Passwords, Autofill Profiles, Autofill, Typed URLs, Extensions, Sessions, Extension settings, History Delete Directives, Device Info, User Consents, Send Tab To Self, Web Apps, Collection, Edge E Drop, Edge Hub App Usage, Edge Tab Group, Edge Wallet, Encryption Keys}
{"logTime": "1113/094819", "correlationVector":"B9N7GGpWo1weCb58pHBHcS.1","action":"SyncServerConnectionManagerRequest", "result":"SYNC_SERVER_OK", "context":{"environment":"Prod_SoutheastAsia_000j", "migrationStage":"NotStarted", "server":"GENERAL01000010"}}
{"logTime": "1113/094819", "correlationVector":"B9N7GGpWo1weCb58pHBHcS.2","action":"GetUpdates Response", "result":"Success", "context":Received 0 update(s). cV=B9N7GGpWo1weCb58pHBHcS.0;server=GENERAL01000010;cloudType=Consumer;environment=Prod_SoutheastAsia_000j;migrationStage=NotStarted}
{"logTime": "1113/094819", "correlationVector":"W6FoP2etKbnFqfyUI6NYpl","action":"Commit Request", "result":"", "context":Item count: 3
Contributing types: Sessions}
{"logTime": "1113/094819", "correlationVector":"W6FoP2etKbnFqfyUI6NYpl.1","action":"SyncServerConnectionManagerRequest", "result":"SYNC_SERVER_OK", "context":{"environment":"Prod_SoutheastAsia_000j", "migrationStage":"NotStarted", "server":"GENERAL0100000I"}}
{"logTime": "1113/094819", "correlationVector":"W6FoP2etKbnFqfyUI6NYpl.3","action":"Commit.Sessions", "result":"Success", "context":{"id":"ed454b88-a451-4787-b088-8147c99baeec", "isDeleted":"true", "size":"0", "version":"1731491122958"}}
{"logTime": "1113/094819", "correlationVector":"W6FoP2etKbnFqfyUI6NYpl.2","action":"Commit Response", "result":"Success", "context":Result: Success. cV=W6FoP2etKbnFqfyUI6NYpl.0;server=GENERAL0100000I;cloudType=Consumer;environment=Prod_SoutheastAsia_000j;migrationStage=NotStarted}
{"logTime": "1113/094832", "correlationVector":"NdZ+FZVhkAm3Wmutyw+ifx","action":"Normal GetUpdate request", "result":"", "context":cV=NdZ+FZVhkAm3Wmutyw+ifx
Nudged types: Passwords, Sessions}
{"logTime": "1113/094833", "correlationVector":"NdZ+FZVhkAm3Wmutyw+ifx.1","action":"SyncServerConnectionManagerRequest", "result":"SYNC_SERVER_OK", "context":{"environment":"Prod_SoutheastAsia_000j", "migrationStage":"NotStarted", "server":"GENERAL01000010"}}
{"logTime": "1113/094833", "correlationVector":"NdZ+FZVhkAm3Wmutyw+ifx.2","action":"GetUpdates", "result":"DeleteReceived", "context":{"id":"ed454b88-a451-4787-b088-8147c99baeec", "isDeleted:":"true", "version":"1731491304460"}}
{"logTime": "1113/094833", "correlationVector":"NdZ+FZVhkAm3Wmutyw+ifx.3","action":"GetUpdates Response", "result":"Success", "context":Received 3 update(s). cV=NdZ+FZVhkAm3Wmutyw+ifx.0;server=GENERAL01000010;cloudType=Consumer;environment=Prod_SoutheastAsia_000j;migrationStage=NotStarted}
{"logTime": "1113/094833", "correlationVector":"iLWnbem2aOQO6IFRRNHlZp","action":"Commit Request", "result":"", "context":Item count: 2
Contributing types: Passwords, Sessions}
{"logTime": "1113/094834", "correlationVector":"iLWnbem2aOQO6IFRRNHlZp.1","action":"SyncServerConnectionManagerRequest", "result":"SYNC_SERVER_OK", "context":{"environment":"Prod_SoutheastAsia_000j", "migrationStage":"NotStarted", "server":"GENERAL0100001D"}}
{"logTime": "1113/094834", "correlationVector":"iLWnbem2aOQO6IFRRNHlZp.2","action":"Commit Response", "result":"Success", "context":Result: Success. cV=iLWnbem2aOQO6IFRRNHlZp.0;server=GENERAL0100001D;cloudType=Consumer;environment=Prod_SoutheastAsia_000j;migrationStage=NotStarted}
{"logTime": "1113/094917", "correlationVector":"kQyBAbO21zwQSb+tMQ/Dig","action":"Commit Request", "result":"", "context":Item count: 1
Contributing types: Sessions}
{"logTime": "1113/094917", "correlationVector":"kQyBAbO21zwQSb+tMQ/Dig.1","action":"SyncServerConnectionManagerRequest", "result":"SYNC_SERVER_OK", "context":{"environment":"Prod_SoutheastAsia_000j", "migrationStage":"NotStarted", "server":"GENERAL0100001I"}}
{"logTime": "1113/094917", "correlationVector":"kQyBAbO21zwQSb+tMQ/Dig.2","action":"Commit Response", "result":"Success", "context":Result: Success. cV=kQyBAbO21zwQSb+tMQ/Dig.0;server=GENERAL0100001I;cloudType=Consumer;environment=Prod_SoutheastAsia_000j;migrationStage=NotStarted}
{"logTime": "1113/095317", "correlationVector":"DbqW1sd2703YCCdaAAShYv","action":"Normal GetUpdate request", "result":"", "context":cV=DbqW1sd2703YCCdaAAShYv
Refresh requested types: Bookmarks, Preferences, Passwords, Autofill Profiles, Autofill, Typed URLs, Extensions, Sessions, Extension settings, History Delete Directives, Device Info, User Consents, Send Tab To Self, Web Apps, Collection, Edge E Drop, Edge Hub App Usage, Edge Tab Group, Edge Wallet, Encryption Keys}
{"logTime": "1113/095317", "correlationVector":"DbqW1sd2703YCCdaAAShYv.1","action":"SyncServerConnectionManagerRequest", "result":"SYNC_SERVER_OK", "context":{"environment":"Prod_SoutheastAsia_000j", "migrationStage":"NotStarted", "server":"GENERAL01000018"}}
{"logTime": "1113/095317", "correlationVector":"DbqW1sd2703YCCdaAAShYv.2","action":"GetUpdates Response", "result":"Success", "context":Received 3 update(s). cV=DbqW1sd2703YCCdaAAShYv.0;server=GENERAL01000018;cloudType=Consumer;environment=Prod_SoutheastAsia_000j;migrationStage=NotStarted}
{"logTime": "1113/095500", "correlationVector":"1u1vqnhehHLkFn4hFdAlA0","action":"Commit Request", "result":"", "context":Item count: 1
Contributing types: Sessions}
{"logTime": "1113/095501", "correlationVector":"1u1vqnhehHLkFn4hFdAlA0.1","action":"SyncServerConnectionManagerRequest", "result":"SYNC_SERVER_OK", "context":{"environment":"Prod_SoutheastAsia_000j", "migrationStage":"NotStarted", "server":"GENERAL0300002A"}}
{"logTime": "1113/095501", "correlationVector":"1u1vqnhehHLkFn4hFdAlA0.2","action":"Commit Response", "result":"Success", "context":Result: Success. cV=1u1vqnhehHLkFn4hFdAlA0.0;server=GENERAL0300002A;cloudType=Consumer;environment=Prod_SoutheastAsia_000j;migrationStage=NotStarted}
{"logTime": "1113/095738", "correlationVector":"FosTwcv8X5vGKD1MusjR27.1","action":"SyncServerConnectionManagerRequest", "result":"SYNC_SERVER_OK", "context":{"environment":"Prod_SoutheastAsia_000j", "migrationStage":"NotStarted", "server":"GENERAL0100000P"}}
{"logTime": "1113/095738", "correlationVector":"6KbGH+XTL8tZQOVPPnIdtd","action":"SyncServerConnectionManagerRequest", "result":"SYNC_SERVER_OK", "context":{"environment":"", "migrationStage":"", "server":""}}
{"logTime": "1113/095738", "correlationVector":"FosTwcv8X5vGKD1MusjR27","action":"Initial GetUpdates", "result":"", "context":Reason: NEW_CLIENT. cV=FosTwcv8X5vGKD1MusjR27}
{"logTime": "1113/095738", "correlationVector":"FosTwcv8X5vGKD1MusjR27.2","action":"GetUpdates Response", "result":"Success", "context":Received 1 update(s). cV=FosTwcv8X5vGKD1MusjR27.0;server=GENERAL0100000P;cloudType=Consumer;environment=Prod_SoutheastAsia_000j;migrationStage=NotStarted}
{"logTime": "1113/095738", "correlationVector":"HL2WhpFvG+rlrNNwM9Rg5A","action":"Initial GetUpdates", "result":"", "context":Reason: NEWLY_SUPPORTED_DATATYPE. cV=HL2WhpFvG+rlrNNwM9Rg5A}
{"logTime": "1113/095739", "correlationVector":"HL2WhpFvG+rlrNNwM9Rg5A.1","action":"SyncServerConnectionManagerRequest", "result":"SYNC_SERVER_OK", "context":{"environment":"Prod_SoutheastAsia_000j", "migrationStage":"NotStarted", "server":"GENERAL01000008"}}
{"logTime": "1113/095739", "correlationVector":"HL2WhpFvG+rlrNNwM9Rg5A.2","action":"GetUpdates Response", "result":"Success", "context":Received 53 update(s). cV=HL2WhpFvG+rlrNNwM9Rg5A.0;server=GENERAL01000008;cloudType=Consumer;environment=Prod_SoutheastAsia_000j;migrationStage=NotStarted}
{"logTime": "1113/095739", "correlationVector":"6T3x1ikrmbZtJxNrHcYF4F","action":"Normal GetUpdate request", "result":"", "context":cV=6T3x1ikrmbZtJxNrHcYF4F
Nudged types: Sessions
Refresh requested types: Bookmarks, Preferences, Passwords, Autofill Profiles, Autofill, Typed URLs, Extensions, Sessions, Extension settings, History Delete Directives, Device Info, User Consents, Send Tab To Self, Web Apps, Collection, Edge E Drop, Edge Hub App Usage, Edge Tab Group, Edge Wallet, Encryption Keys}
{"logTime": "1113/095740", "correlationVector":"6T3x1ikrmbZtJxNrHcYF4F.1","action":"SyncServerConnectionManagerRequest", "result":"SYNC_SERVER_OK", "context":{"environment":"Prod_SoutheastAsia_000j", "migrationStage":"NotStarted", "server":"GENERAL0300002Y"}}
{"logTime": "1113/095740", "correlationVector":"6T3x1ikrmbZtJxNrHcYF4F.2","action":"GetUpdates Response", "result":"Success", "context":Received 1 update(s). cV=6T3x1ikrmbZtJxNrHcYF4F.0;server=GENERAL0300002Y;cloudType=Consumer;environment=Prod_SoutheastAsia_000j;migrationStage=NotStarted}
{"logTime": "1113/095740", "correlationVector":"U32l2dPiiGiYR1XUlgN1AI","action":"Commit Request", "result":"", "context":Item count: 3
Contributing types: Sessions}
{"logTime": "1113/095740", "correlationVector":"U32l2dPiiGiYR1XUlgN1AI.1","action":"SyncServerConnectionManagerRequest", "result":"SYNC_SERVER_OK", "context":{"environment":"Prod_SoutheastAsia_000j", "migrationStage":"NotStarted", "server":"GENERAL0300001Z"}}
{"logTime": "1113/095740", "correlationVector":"U32l2dPiiGiYR1XUlgN1AI.2","action":"Commit Response", "result":"Success", "context":Result: Success. cV=U32l2dPiiGiYR1XUlgN1AI.0;server=GENERAL0300001Z;cloudType=Consumer;environment=Prod_SoutheastAsia_000j;migrationStage=NotStarted}
{"logTime": "1113/095740", "correlationVector":"U32l2dPiiGiYR1XUlgN1AI.3","action":"Commit.Sessions", "result":"Success", "context":{"id":"fe0c32bf-7214-4459-9345-ae363f70c40a", "isDeleted":"true", "size":"0", "version":"1731491705572"}}
{"logTime": "1113/095810", "correlationVector":"kua6JMs0OwKCKE90scre8b","action":"Normal GetUpdate request", "result":"", "context":cV=kua6JMs0OwKCKE90scre8b
Nudged types: Sessions}
{"logTime": "1113/095811", "correlationVector":"kua6JMs0OwKCKE90scre8b.1","action":"SyncServerConnectionManagerRequest", "result":"SYNC_SERVER_OK", "context":{"environment":"Prod_SoutheastAsia_000j", "migrationStage":"NotStarted", "server":"GENERAL01000003"}}
{"logTime": "1113/095811", "correlationVector":"kua6JMs0OwKCKE90scre8b.2","action":"GetUpdates", "result":"DeleteReceived", "context":{"id":"fe0c32bf-7214-4459-9345-ae363f70c40a", "isDeleted:":"true", "version":"1731491865379"}}
{"logTime": "1113/095811", "correlationVector":"kua6JMs0OwKCKE90scre8b.3","action":"GetUpdates Response", "result":"Success", "context":Received 3 update(s). cV=kua6JMs0OwKCKE90scre8b.0;server=GENERAL01000003;cloudType=Consumer;environment=Prod_SoutheastAsia_000j;migrationStage=NotStarted}
{"logTime": "1113/095811", "correlationVector":"mTYt+fvF7YgKfaTYsNVHPp","action":"Commit Request", "result":"", "context":Item count: 1
Contributing types: Sessions}
{"logTime": "1113/095811", "correlationVector":"mTYt+fvF7YgKfaTYsNVHPp.1","action":"SyncServerConnectionManagerRequest", "result":"SYNC_SERVER_OK", "context":{"environment":"Prod_SoutheastAsia_000j", "migrationStage":"NotStarted", "server":"GENERAL01000009"}}
{"logTime": "1113/095811", "correlationVector":"mTYt+fvF7YgKfaTYsNVHPp.2","action":"Commit Response", "result":"Success", "context":Result: Success. cV=mTYt+fvF7YgKfaTYsNVHPp.0;server=GENERAL01000009;cloudType=Consumer;environment=Prod_SoutheastAsia_000j;migrationStage=NotStarted}
{"logTime": "1113/095932", "correlationVector":"JqbyOpXIy8gXV+dgaJkueZ","action":"Commit Request", "result":"", "context":Item count: 1
Contributing types: Sessions}
{"logTime": "1113/095933", "correlationVector":"JqbyOpXIy8gXV+dgaJkueZ.1","action":"SyncServerConnectionManagerRequest", "result":"SYNC_SERVER_OK", "context":{"environment":"Prod_SoutheastAsia_000j", "migrationStage":"NotStarted", "server":"GENERAL0300001S"}}
{"logTime": "1113/095933", "correlationVector":"JqbyOpXIy8gXV+dgaJkueZ.2","action":"Commit Response", "result":"Success", "context":Result: Success. cV=JqbyOpXIy8gXV+dgaJkueZ.0;server=GENERAL0300001S;cloudType=Consumer;environment=Prod_SoutheastAsia_000j;migrationStage=NotStarted}
{"logTime": "1113/100054", "correlationVector":"0362LkBgOrXgUXXHBwOIzx","action":"Commit Request", "result":"", "context":Item count: 2
Contributing types: Passwords, Sessions}
{"logTime": "1113/100055", "correlationVector":"0362LkBgOrXgUXXHBwOIzx.1","action":"SyncServerConnectionManagerRequest", "result":"SYNC_SERVER_OK", "context":{"environment":"Prod_SoutheastAsia_000j", "migrationStage":"NotStarted", "server":"GENERAL0100001D"}}
{"logTime": "1113/100055", "correlationVector":"0362LkBgOrXgUXXHBwOIzx.2","action":"Commit Response", "result":"Success", "context":Result: Success. cV=0362LkBgOrXgUXXHBwOIzx.0;server=GENERAL0100001D;cloudType=Consumer;environment=Prod_SoutheastAsia_000j;migrationStage=NotStarted}
{"logTime": "1113/100236", "correlationVector":"6fRn+Jbl2h21Mqs24Jk5vj","action":"Normal GetUpdate request", "result":"", "context":cV=6fRn+Jbl2h21Mqs24Jk5vj
Refresh requested types: Bookmarks, Preferences, Passwords, Autofill Profiles, Autofill, Typed URLs, Extensions, Sessions, Extension settings, History Delete Directives, Device Info, User Consents, Send Tab To Self, Web Apps, Collection, Edge E Drop, Edge Hub App Usage, Edge Tab Group, Edge Wallet, Encryption Keys}
{"logTime": "1113/100237", "correlationVector":"6fRn+Jbl2h21Mqs24Jk5vj.1","action":"SyncServerConnectionManagerRequest", "result":"SYNC_SERVER_OK", "context":{"environment":"Prod_SoutheastAsia_000j", "migrationStage":"NotStarted", "server":"GENERAL0100000Q"}}
{"logTime": "1113/100237", "correlationVector":"6fRn+Jbl2h21Mqs24Jk5vj.2","action":"GetUpdates Response", "result":"Success", "context":Received 3 update(s). cV=6fRn+Jbl2h21Mqs24Jk5vj.0;server=GENERAL0100000Q;cloudType=Consumer;environment=Prod_SoutheastAsia_000j;migrationStage=NotStarted}
{"logTime": "1113/101220", "correlationVector":"5t79G6Z/4O40TJ4j6pcO/G.1","action":"SyncServerConnectionManagerRequest", "result":"SYNC_SERVER_OK", "context":{"environment":"Prod_SoutheastAsia_000j", "migrationStage":"NotStarted", "server":"GENERAL0300001H"}}
{"logTime": "1113/101221", "correlationVector":"sRocXZc/mtC71hUBfQusTi","action":"SyncServerConnectionManagerRequest", "result":"SYNC_SERVER_OK", "context":{"environment":"", "migrationStage":"", "server":""}}
{"logTime": "1113/101221", "correlationVector":"5t79G6Z/4O40TJ4j6pcO/G","action":"Initial GetUpdates", "result":"", "context":Reason: NEW_CLIENT. cV=5t79G6Z/4O40TJ4j6pcO/G}
{"logTime": "1113/101221", "correlationVector":"5t79G6Z/4O40TJ4j6pcO/G.2","action":"GetUpdates Response", "result":"Success", "context":Received 1 update(s). cV=5t79G6Z/4O40TJ4j6pcO/G.0;server=GENERAL0300001H;cloudType=Consumer;environment=Prod_SoutheastAsia_000j;migrationStage=NotStarted}
{"logTime": "1113/101221", "correlationVector":"ctTy5KJgEi1aPSe/VdYVim","action":"Initial GetUpdates", "result":"", "context":Reason: NEWLY_SUPPORTED_DATATYPE. cV=ctTy5KJgEi1aPSe/VdYVim}
{"logTime": "1113/101221", "correlationVector":"ctTy5KJgEi1aPSe/VdYVim.1","action":"SyncServerConnectionManagerRequest", "result":"SYNC_SERVER_OK", "context":{"environment":"Prod_SoutheastAsia_000j", "migrationStage":"NotStarted", "server":"GENERAL0300001P"}}
{"logTime": "1113/101221", "correlationVector":"ctTy5KJgEi1aPSe/VdYVim.2","action":"GetUpdates Response", "result":"Success", "context":Received 54 update(s). cV=ctTy5KJgEi1aPSe/VdYVim.0;server=GENERAL0300001P;cloudType=Consumer;environment=Prod_SoutheastAsia_000j;migrationStage=NotStarted}
{"logTime": "1113/101221", "correlationVector":"cdPYMVdXXGJj7kgaC4x1yX","action":"Normal GetUpdate request", "result":"", "context":cV=cdPYMVdXXGJj7kgaC4x1yX
Nudged types: Sessions
Refresh requested types: Bookmarks, Preferences, Passwords, Autofill Profiles, Autofill, Typed URLs, Extensions, Sessions, Extension settings, History Delete Directives, Device Info, User Consents, Send Tab To Self, Web Apps, Collection, Edge E Drop, Edge Hub App Usage, Edge Tab Group, Edge Wallet, Encryption Keys}
{"logTime": "1113/101222", "correlationVector":"cdPYMVdXXGJj7kgaC4x1yX.1","action":"SyncServerConnectionManagerRequest", "result":"SYNC_SERVER_OK", "context":{"environment":"Prod_SoutheastAsia_000j", "migrationStage":"NotStarted", "server":"GENERAL01000005"}}
{"logTime": "1113/101222", "correlationVector":"cdPYMVdXXGJj7kgaC4x1yX.2","action":"GetUpdates Response", "result":"Success", "context":Received 1 update(s). cV=cdPYMVdXXGJj7kgaC4x1yX.0;server=GENERAL01000005;cloudType=Consumer;environment=Prod_SoutheastAsia_000j;migrationStage=NotStarted}
{"logTime": "1113/101222", "correlationVector":"IqojsaGOVCmNMctRpZlZJK","action":"Commit Request", "result":"", "context":Item count: 3
Contributing types: Sessions}
{"logTime": "1113/101222", "correlationVector":"IqojsaGOVCmNMctRpZlZJK.1","action":"SyncServerConnectionManagerRequest", "result":"SYNC_SERVER_OK", "context":{"environment":"Prod_SoutheastAsia_000j", "migrationStage":"NotStarted", "server":"GENERAL01000010"}}
{"logTime": "1113/101222", "correlationVector":"IqojsaGOVCmNMctRpZlZJK.3","action":"Commit.Sessions", "result":"Success", "context":{"id":"04fb24d4-87f3-4d8e-8d73-7582fc4af693", "isDeleted":"true", "size":"0", "version":"1731492060132"}}
{"logTime": "1113/101222", "correlationVector":"IqojsaGOVCmNMctRpZlZJK.2","action":"Commit Response", "result":"Success", "context":Result: Success. cV=IqojsaGOVCmNMctRpZlZJK.0;server=GENERAL01000010;cloudType=Consumer;environment=Prod_SoutheastAsia_000j;migrationStage=NotStarted}
{"logTime": "1113/101231", "correlationVector":"rJVGLkisAHl8dlE/NzrDi4","action":"Normal GetUpdate request", "result":"", "context":cV=rJVGLkisAHl8dlE/NzrDi4
Nudged types: Passwords, Sessions}
{"logTime": "1113/101232", "correlationVector":"rJVGLkisAHl8dlE/NzrDi4.1","action":"SyncServerConnectionManagerRequest", "result":"SYNC_SERVER_OK", "context":{"environment":"Prod_SoutheastAsia_000j", "migrationStage":"NotStarted", "server":"GENERAL0300000L"}}
{"logTime": "1113/101232", "correlationVector":"rJVGLkisAHl8dlE/NzrDi4.2","action":"GetUpdates", "result":"DeleteReceived", "context":{"id":"04fb24d4-87f3-4d8e-8d73-7582fc4af693", "isDeleted:":"true", "version":"1731492747374"}}
{"logTime": "1113/101232", "correlationVector":"rJVGLkisAHl8dlE/NzrDi4.3","action":"GetUpdates Response", "result":"Success", "context":Received 3 update(s). cV=rJVGLkisAHl8dlE/NzrDi4.0;server=GENERAL0300000L;cloudType=Consumer;environment=Prod_SoutheastAsia_000j;migrationStage=NotStarted}
{"logTime": "1113/101232", "correlationVector":"4nFePEfVkwRJkIya3nNtFT","action":"Commit Request", "result":"", "context":Item count: 2
Contributing types: Passwords, Sessions}
{"logTime": "1113/101233", "correlationVector":"4nFePEfVkwRJkIya3nNtFT.1","action":"SyncServerConnectionManagerRequest", "result":"SYNC_SERVER_OK", "context":{"environment":"Prod_SoutheastAsia_000j", "migrationStage":"NotStarted", "server":"GENERAL01000000"}}
{"logTime": "1113/101233", "correlationVector":"4nFePEfVkwRJkIya3nNtFT.2","action":"Commit Response", "result":"Success", "context":Result: Success. cV=4nFePEfVkwRJkIya3nNtFT.0;server=GENERAL01000000;cloudType=Consumer;environment=Prod_SoutheastAsia_000j;migrationStage=NotStarted}
{"logTime": "1113/101315", "correlationVector":"0F6LcRo/o/MyzLPYxonm3g","action":"Commit Request", "result":"", "context":Item count: 1
Contributing types: Sessions}
{"logTime": "1113/101316", "correlationVector":"0F6LcRo/o/MyzLPYxonm3g.1","action":"SyncServerConnectionManagerRequest", "result":"SYNC_SERVER_OK", "context":{"environment":"Prod_SoutheastAsia_000j", "migrationStage":"NotStarted", "server":"GENERAL03000007"}}
{"logTime": "1113/101316", "correlationVector":"0F6LcRo/o/MyzLPYxonm3g.2","action":"Commit Response", "result":"Success", "context":Result: Success. cV=0F6LcRo/o/MyzLPYxonm3g.0;server=GENERAL03000007;cloudType=Consumer;environment=Prod_SoutheastAsia_000j;migrationStage=NotStarted}
{"logTime": "1113/101401", "correlationVector":"TyMfXsOeEoa16RN8IbqMpA","action":"Normal GetUpdate request", "result":"", "context":cV=TyMfXsOeEoa16RN8IbqMpA
Notified types: Preferences, Device Info}
{"logTime": "1113/101402", "correlationVector":"TyMfXsOeEoa16RN8IbqMpA.1","action":"SyncServerConnectionManagerRequest", "result":"SYNC_SERVER_OK", "context":{"environment":"Prod_SoutheastAsia_000j", "migrationStage":"NotStarted", "server":"GENERAL01000005"}}
{"logTime": "1113/101402", "correlationVector":"TyMfXsOeEoa16RN8IbqMpA.2","action":"GetUpdates Response", "result":"Success", "context":Received 6 update(s). cV=TyMfXsOeEoa16RN8IbqMpA.0;server=GENERAL01000005;cloudType=Consumer;environment=Prod_SoutheastAsia_000j;migrationStage=NotStarted}
{"logTime": "1113/101416", "correlationVector":"OtS9GsikwvdN2AUsi65jMc","action":"Normal GetUpdate request", "result":"", "context":cV=OtS9GsikwvdN2AUsi65jMc
Notified types: Autofill}
{"logTime": "1113/101417", "correlationVector":"OtS9GsikwvdN2AUsi65jMc.1","action":"SyncServerConnectionManagerRequest", "result":"SYNC_SERVER_OK", "context":{"environment":"Prod_SoutheastAsia_000j", "migrationStage":"NotStarted", "server":"GENERAL0100001J"}}
{"logTime": "1113/101417", "correlationVector":"OtS9GsikwvdN2AUsi65jMc.2","action":"GetUpdates Response", "result":"Success", "context":Received 2 update(s). cV=OtS9GsikwvdN2AUsi65jMc.0;server=GENERAL0100001J;cloudType=Consumer;environment=Prod_SoutheastAsia_000j;migrationStage=NotStarted}
{"logTime": "1113/101451", "correlationVector":"PS2jB3mM6j7aIh6P9rMCzl","action":"Normal GetUpdate request", "result":"", "context":cV=PS2jB3mM6j7aIh6P9rMCzl
Notified types: Typed URLs}
{"logTime": "1113/101452", "correlationVector":"PS2jB3mM6j7aIh6P9rMCzl.1","action":"SyncServerConnectionManagerRequest", "result":"SYNC_SERVER_OK", "context":{"environment":"Prod_SoutheastAsia_000j", "migrationStage":"NotStarted", "server":"GENERAL03000009"}}
{"logTime": "1113/101452", "correlationVector":"PS2jB3mM6j7aIh6P9rMCzl.2","action":"GetUpdates Response", "result":"Success", "context":Received 4 update(s). cV=PS2jB3mM6j7aIh6P9rMCzl.0;server=GENERAL03000009;cloudType=Consumer;environment=Prod_SoutheastAsia_000j;migrationStage=NotStarted}
{"logTime": "1113/101613", "correlationVector":"U12WmD13XDdEyE1gPkeIwW","action":"Commit Request", "result":"", "context":Item count: 1
Contributing types: Sessions}
{"logTime": "1113/101613", "correlationVector":"U12WmD13XDdEyE1gPkeIwW.1","action":"SyncServerConnectionManagerRequest", "result":"SYNC_SERVER_OK", "context":{"environment":"Prod_SoutheastAsia_000j", "migrationStage":"NotStarted", "server":"GENERAL0300001V"}}
{"logTime": "1113/101613", "correlationVector":"U12WmD13XDdEyE1gPkeIwW.2","action":"Commit Response", "result":"Success", "context":Result: Success. cV=U12WmD13XDdEyE1gPkeIwW.0;server=GENERAL0300001V;cloudType=Consumer;environment=Prod_SoutheastAsia_000j;migrationStage=NotStarted}
{"logTime": "1113/101753", "correlationVector":"vGeHa6S74Xn0P/GyYHzbgo.1","action":"SyncServerConnectionManagerRequest", "result":"SYNC_SERVER_OK", "context":{"environment":"Prod_SoutheastAsia_000j", "migrationStage":"NotStarted", "server":"GENERAL0300001Z"}}
{"logTime": "1113/101753", "correlationVector":"SuMc/WGUtkHsfvobRAjttd","action":"SyncServerConnectionManagerRequest", "result":"SYNC_SERVER_OK", "context":{"environment":"", "migrationStage":"", "server":""}}
{"logTime": "1113/101753", "correlationVector":"vGeHa6S74Xn0P/GyYHzbgo","action":"Initial GetUpdates", "result":"", "context":Reason: NEW_CLIENT. cV=vGeHa6S74Xn0P/GyYHzbgo}
{"logTime": "1113/101753", "correlationVector":"vGeHa6S74Xn0P/GyYHzbgo.2","action":"GetUpdates Response", "result":"Success", "context":Received 1 update(s). cV=vGeHa6S74Xn0P/GyYHzbgo.0;server=GENERAL0300001Z;cloudType=Consumer;environment=Prod_SoutheastAsia_000j;migrationStage=NotStarted}
{"logTime": "1113/101753", "correlationVector":"hLGRo8sKGVFlWrEg9KuwSF","action":"Initial GetUpdates", "result":"", "context":Reason: NEWLY_SUPPORTED_DATATYPE. cV=hLGRo8sKGVFlWrEg9KuwSF}
{"logTime": "1113/101754", "correlationVector":"hLGRo8sKGVFlWrEg9KuwSF.1","action":"SyncServerConnectionManagerRequest", "result":"SYNC_SERVER_OK", "context":{"environment":"Prod_SoutheastAsia_000j", "migrationStage":"NotStarted", "server":"GENERAL0100000B"}}
{"logTime": "1113/101754", "correlationVector":"hLGRo8sKGVFlWrEg9KuwSF.2","action":"GetUpdates Response", "result":"Success", "context":Received 55 update(s). cV=hLGRo8sKGVFlWrEg9KuwSF.0;server=GENERAL0100000B;cloudType=Consumer;environment=Prod_SoutheastAsia_000j;migrationStage=NotStarted}
{"logTime": "1113/101755", "correlationVector":"XIy3B5KchfPqOS90mcVSyd","action":"Normal GetUpdate request", "result":"", "context":cV=XIy3B5KchfPqOS90mcVSyd
Nudged types: Sessions
Refresh requested types: Bookmarks, Preferences, Passwords, Autofill Profiles, Autofill, Typed URLs, Extensions, Sessions, Extension settings, History Delete Directives, Device Info, User Consents, Send Tab To Self, Web Apps, Collection, Edge E Drop, Edge Hub App Usage, Edge Tab Group, Edge Wallet, Encryption Keys}
{"logTime": "1113/101755", "correlationVector":"XIy3B5KchfPqOS90mcVSyd.1","action":"SyncServerConnectionManagerRequest", "result":"SYNC_SERVER_OK", "context":{"environment":"Prod_SoutheastAsia_000j", "migrationStage":"NotStarted", "server":"GENERAL0300001D"}}
{"logTime": "1113/101755", "correlationVector":"XIy3B5KchfPqOS90mcVSyd.2","action":"GetUpdates Response", "result":"Success", "context":Received 1 update(s). cV=XIy3B5KchfPqOS90mcVSyd.0;server=GENERAL0300001D;cloudType=Consumer;environment=Prod_SoutheastAsia_000j;migrationStage=NotStarted}
{"logTime": "1113/101755", "correlationVector":"0XwX6ghuBqVqu5CyIu77Un","action":"Commit Request", "result":"", "context":Item count: 3
Contributing types: Sessions}
{"logTime": "1113/101756", "correlationVector":"0XwX6ghuBqVqu5CyIu77Un.1","action":"SyncServerConnectionManagerRequest", "result":"SYNC_SERVER_OK", "context":{"environment":"Prod_SoutheastAsia_000j", "migrationStage":"NotStarted", "server":"GENERAL0300000M"}}
{"logTime": "1113/101756", "correlationVector":"0XwX6ghuBqVqu5CyIu77Un.2","action":"Commit Response", "result":"Success", "context":Result: Success. cV=0XwX6ghuBqVqu5CyIu77Un.0;server=GENERAL0300000M;cloudType=Consumer;environment=Prod_SoutheastAsia_000j;migrationStage=NotStarted}
{"logTime": "1113/101756", "correlationVector":"0XwX6ghuBqVqu5CyIu77Un.3","action":"Commit.Sessions", "result":"Success", "context":{"id":"fd278b0f-ded2-4c6c-9b84-0ddd3635172b", "isDeleted":"true", "size":"0", "version":"1731492978167"}}
{"logTime": "1113/101805", "correlationVector":"Rc56xAgSQnl9lvx3sD76Ue","action":"Normal GetUpdate request", "result":"", "context":cV=Rc56xAgSQnl9lvx3sD76Ue
Nudged types: Passwords, Sessions}
{"logTime": "1113/101806", "correlationVector":"Rc56xAgSQnl9lvx3sD76Ue.1","action":"SyncServerConnectionManagerRequest", "result":"SYNC_SERVER_OK", "context":{"environment":"Prod_SoutheastAsia_000j", "migrationStage":"NotStarted", "server":"GENERAL0300001W"}}
{"logTime": "1113/101806", "correlationVector":"Rc56xAgSQnl9lvx3sD76Ue.2","action":"GetUpdates", "result":"DeleteReceived", "context":{"id":"fd278b0f-ded2-4c6c-9b84-0ddd3635172b", "isDeleted:":"true", "version":"1731493080768"}}
{"logTime": "1113/101806", "correlationVector":"Rc56xAgSQnl9lvx3sD76Ue.3","action":"GetUpdates Response", "result":"Success", "context":Received 4 update(s). cV=Rc56xAgSQnl9lvx3sD76Ue.0;server=GENERAL0300001W;cloudType=Consumer;environment=Prod_SoutheastAsia_000j;migrationStage=NotStarted}
{"logTime": "1113/101806", "correlationVector":"nRpFevkTVDUOEowbqaurqe","action":"Commit Request", "result":"", "context":Item count: 2
Contributing types: Passwords, Sessions}
{"logTime": "1113/101807", "correlationVector":"nRpFevkTVDUOEowbqaurqe.1","action":"SyncServerConnectionManagerRequest", "result":"SYNC_SERVER_OK", "context":{"environment":"Prod_SoutheastAsia_000j", "migrationStage":"NotStarted", "server":"GENERAL0300001K"}}
{"logTime": "1113/101807", "correlationVector":"nRpFevkTVDUOEowbqaurqe.2","action":"Commit Response", "result":"Success", "context":Result: Success. cV=nRpFevkTVDUOEowbqaurqe.0;server=GENERAL0300001K;cloudType=Consumer;environment=Prod_SoutheastAsia_000j;migrationStage=NotStarted}
{"logTime": "1113/101844", "correlationVector":"4XesKe220Fta3qPXvgP6AF","action":"Commit Request", "result":"", "context":Item count: 1
Contributing types: Sessions}
{"logTime": "1113/101844", "correlationVector":"4XesKe220Fta3qPXvgP6AF.1","action":"SyncServerConnectionManagerRequest", "result":"SYNC_SERVER_OK", "context":{"environment":"Prod_SoutheastAsia_000j", "migrationStage":"NotStarted", "server":"GENERAL0300000H"}}
{"logTime": "1113/101844", "correlationVector":"4XesKe220Fta3qPXvgP6AF.2","action":"Commit Response", "result":"Success", "context":Result: Success. cV=4XesKe220Fta3qPXvgP6AF.0;server=GENERAL0300000H;cloudType=Consumer;environment=Prod_SoutheastAsia_000j;migrationStage=NotStarted}
